\BOOKMARK [0][-]{chapter.1}{Introduction}{}% 1
\BOOKMARK [1][-]{section.1.1}{Purpose}{chapter.1}% 2
\BOOKMARK [1][-]{section.1.2}{Scope}{chapter.1}% 3
\BOOKMARK [1][-]{section.1.3}{Definitions, Acronyms, Abbreviations}{chapter.1}% 4
\BOOKMARK [2][-]{subsection.1.3.1}{Definitions}{section.1.3}% 5
\BOOKMARK [2][-]{subsection.1.3.2}{Acronyms}{section.1.3}% 6
\BOOKMARK [2][-]{subsection.1.3.3}{Abbreviations}{section.1.3}% 7
\BOOKMARK [1][-]{section.1.4}{Revision history}{chapter.1}% 8
\BOOKMARK [1][-]{section.1.5}{Reference Documents}{chapter.1}% 9
\BOOKMARK [1][-]{section.1.6}{Document Structure}{chapter.1}% 10
\BOOKMARK [0][-]{chapter.2}{Architectural Design}{}% 11
\BOOKMARK [1][-]{section.2.1}{Overview: High-level components and their interaction}{chapter.2}% 12
\BOOKMARK [1][-]{section.2.2}{Component view}{chapter.2}% 13
\BOOKMARK [2][-]{subsection.2.2.1}{Application layer}{section.2.2}% 14
\BOOKMARK [2][-]{subsection.2.2.2}{Client's layers: CLup and CLup Operator}{section.2.2}% 15
\BOOKMARK [2][-]{subsection.2.2.3}{Data Layer}{section.2.2}% 16
\BOOKMARK [1][-]{section.2.3}{Deployment view}{chapter.2}% 17
\BOOKMARK [1][-]{section.2.4}{Runtime view}{chapter.2}% 18
\BOOKMARK [2][-]{subsection.2.4.1}{Login and registration}{section.2.4}% 19
\BOOKMARK [2][-]{subsection.2.4.2}{Booking, delay and cancellation}{section.2.4}% 20
\BOOKMARK [2][-]{subsection.2.4.3}{Enter and Exit from the market}{section.2.4}% 21
\BOOKMARK [2][-]{subsection.2.4.4}{Receptionist}{section.2.4}% 22
\BOOKMARK [2][-]{subsection.2.4.5}{Notifications}{section.2.4}% 23
\BOOKMARK [1][-]{section.2.5}{Component interfaces}{chapter.2}% 24
\BOOKMARK [1][-]{section.2.6}{Selected architectural styles and patterns}{chapter.2}% 25
\BOOKMARK [1][-]{section.2.7}{Other design decisions}{chapter.2}% 26
\BOOKMARK [0][-]{chapter.3}{User Interface Design}{}% 27
\BOOKMARK [1][-]{section.3.1}{Mobile Interface: CLup}{chapter.3}% 28
\BOOKMARK [1][-]{section.3.2}{Desktop Interface: CLup Operator}{chapter.3}% 29
\BOOKMARK [0][-]{chapter.4}{Requirements Tracebility}{}% 30
\BOOKMARK [0][-]{chapter.5}{Implementation, Integration and Test Plan}{}% 31
\BOOKMARK [1][-]{section.5.1}{Implementation}{chapter.5}% 32
\BOOKMARK [1][-]{section.5.2}{Integration}{chapter.5}% 33
\BOOKMARK [1][-]{section.5.3}{Testing}{chapter.5}% 34
\BOOKMARK [0][-]{chapter.6}{Effort Spent}{}% 35
\BOOKMARK [0][-]{chapter.7}{References}{}% 36
\BOOKMARK [1][-]{section.7.1}{Software used}{chapter.7}% 37
\BOOKMARK [1][-]{section.7.2}{Bibliography}{chapter.7}% 38
