This is pdfTeX, Version 3.14159265-2.6-1.40.21 (TeX Live 2020) (preloaded format=pdflatex 2020.10.14)  7 NOV 2020 10:42
entering extended mode
 restricted \write18 enabled.
 file:line:error style messages enabled.
 %&-line parsing enabled.
**main.tex
(./main.tex
LaTeX2e <2020-02-02> patch level 5
L3 programming layer <2020-03-06>
(/usr/local/texlive/2020/texmf-dist/tex/latex/base/report.cls
Document Class: report 2019/12/20 v1.4l Standard LaTeX document class
(/usr/local/texlive/2020/texmf-dist/tex/latex/base/size10.clo
File: size10.clo 2019/12/20 v1.4l Standard LaTeX file (size option)
)
\c@part=\count167
\c@chapter=\count168
\c@section=\count169
\c@subsection=\count170
\c@subsubsection=\count171
\c@paragraph=\count172
\c@subparagraph=\count173
\c@figure=\count174
\c@table=\count175
\abovecaptionskip=\skip47
\belowcaptionskip=\skip48
\bibindent=\dimen134
)
(/usr/local/texlive/2020/texmf-dist/tex/latex/lm/lmodern.sty
Package: lmodern 2009/10/30 v1.6 Latin Modern Fonts
LaTeX Font Info:    Overwriting symbol font `operators' in version `normal'
(Font)                  OT1/cmr/m/n --> OT1/lmr/m/n on input line 22.
LaTeX Font Info:    Overwriting symbol font `letters' in version `normal'
(Font)                  OML/cmm/m/it --> OML/lmm/m/it on input line 23.
LaTeX Font Info:    Overwriting symbol font `symbols' in version `normal'
(Font)                  OMS/cmsy/m/n --> OMS/lmsy/m/n on input line 24.
LaTeX Font Info:    Overwriting symbol font `largesymbols' in version `normal'
(Font)                  OMX/cmex/m/n --> OMX/lmex/m/n on input line 25.
LaTeX Font Info:    Overwriting symbol font `operators' in version `bold'
(Font)                  OT1/cmr/bx/n --> OT1/lmr/bx/n on input line 26.
LaTeX Font Info:    Overwriting symbol font `letters' in version `bold'
(Font)                  OML/cmm/b/it --> OML/lmm/b/it on input line 27.
LaTeX Font Info:    Overwriting symbol font `symbols' in version `bold'
(Font)                  OMS/cmsy/b/n --> OMS/lmsy/b/n on input line 28.
LaTeX Font Info:    Overwriting symbol font `largesymbols' in version `bold'
(Font)                  OMX/cmex/m/n --> OMX/lmex/m/n on input line 29.
LaTeX Font Info:    Overwriting math alphabet `\mathbf' in version `normal'
(Font)                  OT1/cmr/bx/n --> OT1/lmr/bx/n on input line 31.
LaTeX Font Info:    Overwriting math alphabet `\mathsf' in version `normal'
(Font)                  OT1/cmss/m/n --> OT1/lmss/m/n on input line 32.
LaTeX Font Info:    Overwriting math alphabet `\mathit' in version `normal'
(Font)                  OT1/cmr/m/it --> OT1/lmr/m/it on input line 33.
LaTeX Font Info:    Overwriting math alphabet `\mathtt' in version `normal'
(Font)                  OT1/cmtt/m/n --> OT1/lmtt/m/n on input line 34.
LaTeX Font Info:    Overwriting math alphabet `\mathbf' in version `bold'
(Font)                  OT1/cmr/bx/n --> OT1/lmr/bx/n on input line 35.
LaTeX Font Info:    Overwriting math alphabet `\mathsf' in version `bold'
(Font)                  OT1/cmss/bx/n --> OT1/lmss/bx/n on input line 36.
LaTeX Font Info:    Overwriting math alphabet `\mathit' in version `bold'
(Font)                  OT1/cmr/bx/it --> OT1/lmr/bx/it on input line 37.
LaTeX Font Info:    Overwriting math alphabet `\mathtt' in version `bold'
(Font)                  OT1/cmtt/m/n --> OT1/lmtt/m/n on input line 38.
)
(/usr/local/texlive/2020/texmf-dist/tex/generic/babel/babel.sty
Package: babel 2020/03/22 3.42 The Babel package

(/usr/local/texlive/2020/texmf-dist/tex/generic/babel/switch.def
File: switch.def 2020/03/22 3.42 Babel switching mechanism
)
(/usr/local/texlive/2020/texmf-dist/tex/generic/babel-english/english.ldf
Language: english 2017/06/06 v3.3r English support from the babel system

(/usr/local/texlive/2020/texmf-dist/tex/generic/babel/babel.def
File: babel.def 2020/03/22 3.42 Babel common definitions
\babel@savecnt=\count176
\U@D=\dimen135

(/usr/local/texlive/2020/texmf-dist/tex/generic/babel/txtbabel.def)
\bbl@readstream=\read2
\bbl@dirlevel=\count177
)
Package babel Info: \l@canadian = using hyphenrules for english
(babel)             (\language0) on input line 102.
Package babel Info: \l@australian = using hyphenrules for ukenglish
(babel)             (\language21) on input line 105.
Package babel Info: \l@newzealand = using hyphenrules for ukenglish
(babel)             (\language21) on input line 108.
))
(/usr/local/texlive/2020/texmf-dist/tex/latex/blindtext/blindtext.sty
Package: blindtext 2012/01/06 V2.0 blindtext-Package

(/usr/local/texlive/2020/texmf-dist/tex/latex/tools/xspace.sty
Package: xspace 2014/10/28 v1.13 Space after command names (DPC,MH)
)
\c@blindtext=\count178
\c@Blindtext=\count179
\c@blind@countparstart=\count180
\blind@countxx=\count181
\blindtext@numBlindtext=\count182
\blind@countyy=\count183
\c@blindlist=\count184
\c@blindlistlevel=\count185
\c@blindlist@level=\count186
\blind@listitem=\count187
\c@blind@listcount=\count188
\c@blind@levelcount=\count189
\blind@mathformula=\count190
\blind@Mathformula=\count191
\c@blind@randomcount=\count192
\c@blind@randommax=\count193
\c@blind@pangramcount=\count194
\c@blind@pangrammax=\count195
)
(/usr/local/texlive/2020/texmf-dist/tex/latex/microtype/microtype.sty
Package: microtype 2019/11/18 v2.7d Micro-typographical refinements (RS)

(/usr/local/texlive/2020/texmf-dist/tex/latex/graphics/keyval.sty
Package: keyval 2014/10/28 v1.15 key=value parser (DPC)
\KV@toks@=\toks15
)
\MT@toks=\toks16
\MT@count=\count196
LaTeX Info: Redefining \textls on input line 790.
\MT@outer@kern=\dimen136
LaTeX Info: Redefining \textmicrotypecontext on input line 1354.
\MT@listname@count=\count197

(/usr/local/texlive/2020/texmf-dist/tex/latex/microtype/microtype-pdftex.def
File: microtype-pdftex.def 2019/11/18 v2.7d Definitions specific to pdftex (RS)

LaTeX Info: Redefining \lsstyle on input line 914.
LaTeX Info: Redefining \lslig on input line 914.
\MT@outer@space=\skip49
)
Package microtype Info: Loading configuration file microtype.cfg.

(/usr/local/texlive/2020/texmf-dist/tex/latex/microtype/microtype.cfg
File: microtype.cfg 2019/11/18 v2.7d microtype main configuration file (RS)
))
(/usr/local/texlive/2020/texmf-dist/tex/latex/xcolor/xcolor.sty
Package: xcolor 2016/05/11 v2.12 LaTeX color extensions (UK)

(/usr/local/texlive/2020/texmf-dist/tex/latex/graphics-cfg/color.cfg
File: color.cfg 2016/01/02 v1.6 sample color configuration
)
Package xcolor Info: Driver file: pdftex.def on input line 225.

(/usr/local/texlive/2020/texmf-dist/tex/latex/graphics-def/pdftex.def
File: pdftex.def 2018/01/08 v1.0l Graphics/color driver for pdftex
)
Package xcolor Info: Model `cmy' substituted by `cmy0' on input line 1348.
Package xcolor Info: Model `hsb' substituted by `rgb' on input line 1352.
Package xcolor Info: Model `RGB' extended on input line 1364.
Package xcolor Info: Model `HTML' substituted by `rgb' on input line 1366.
Package xcolor Info: Model `Hsb' substituted by `hsb' on input line 1367.
Package xcolor Info: Model `tHsb' substituted by `hsb' on input line 1368.
Package xcolor Info: Model `HSB' substituted by `hsb' on input line 1369.
Package xcolor Info: Model `Gray' substituted by `gray' on input line 1370.
Package xcolor Info: Model `wave' substituted by `hsb' on input line 1371.
)
(/usr/local/texlive/2020/texmf-dist/tex/latex/comment/comment.sty
\CommentStream=\write3

Excluding comment 'comment')
(/usr/local/texlive/2020/texmf-dist/tex/latex/subfiles/subfiles.sty
Package: subfiles 2020/02/14 v1.6 Multi-file projects (package)

(/usr/local/texlive/2020/texmf-dist/tex/latex/import/import.sty
Package: import 2020/01/22  v 6.0
))
(/usr/local/texlive/2020/texmf-dist/tex/latex/graphics/graphicx.sty
Package: graphicx 2019/11/30 v1.2a Enhanced LaTeX Graphics (DPC,SPQR)

(/usr/local/texlive/2020/texmf-dist/tex/latex/graphics/graphics.sty
Package: graphics 2019/11/30 v1.4a Standard LaTeX Graphics (DPC,SPQR)

(/usr/local/texlive/2020/texmf-dist/tex/latex/graphics/trig.sty
Package: trig 2016/01/03 v1.10 sin cos tan (DPC)
)
(/usr/local/texlive/2020/texmf-dist/tex/latex/graphics-cfg/graphics.cfg
File: graphics.cfg 2016/06/04 v1.11 sample graphics configuration
)
Package graphics Info: Driver file: pdftex.def on input line 105.
)
\Gin@req@height=\dimen137
\Gin@req@width=\dimen138
)
(/usr/local/texlive/2020/texmf-dist/tex/latex/caption/caption.sty
Package: caption 2020/01/03 v3.4h Customizing captions (AR)

(/usr/local/texlive/2020/texmf-dist/tex/latex/caption/caption3.sty
Package: caption3 2020/01/03 v1.8h caption3 kernel (AR)
Package caption3 Info: TeX engine: e-TeX on input line 61.
\captionmargin=\dimen139
\captionmargin@=\dimen140
\captionwidth=\dimen141
\caption@tempdima=\dimen142
\caption@indent=\dimen143
\caption@parindent=\dimen144
\caption@hangindent=\dimen145
Package caption Info: Standard document class detected.
)
\c@caption@flags=\count198
\c@continuedfloat=\count199
)
(/usr/local/texlive/2020/texmf-dist/tex/latex/tools/longtable.sty
Package: longtable 2020/01/07 v4.13 Multi-page Table package (DPC)
\LTleft=\skip50
\LTright=\skip51
\LTpre=\skip52
\LTpost=\skip53
\LTchunksize=\count266
\LTcapwidth=\dimen146
\LT@head=\box45
\LT@firsthead=\box46
\LT@foot=\box47
\LT@lastfoot=\box48
\LT@cols=\count267
\LT@rows=\count268
\c@LT@tables=\count269
\c@LT@chunks=\count270
\LT@p@ftn=\toks17
)
(/usr/local/texlive/2020/texmf-dist/tex/latex/subfig/subfig.sty
Package: subfig 2005/06/28 ver: 1.3 subfig package
\c@KVtest=\count271
\sf@farskip=\skip54
\sf@captopadj=\dimen147
\sf@capskip=\skip55
\sf@nearskip=\skip56
\c@subfigure=\count272
\c@subfigure@save=\count273
\c@lofdepth=\count274
\c@subtable=\count275
\c@subtable@save=\count276
\c@lotdepth=\count277
\sf@top=\skip57
\sf@bottom=\skip58
)
(/usr/local/texlive/2020/texmf-dist/tex/latex/fancyhdr/fancyhdr.sty
Package: fancyhdr 2019/01/31 v3.10 Extensive control of page headers and footer
s
\f@nch@headwidth=\skip59
\f@nch@O@elh=\skip60
\f@nch@O@erh=\skip61
\f@nch@O@olh=\skip62
\f@nch@O@orh=\skip63
\f@nch@O@elf=\skip64
\f@nch@O@erf=\skip65
\f@nch@O@olf=\skip66
\f@nch@O@orf=\skip67
)
(/usr/local/texlive/2020/texmf-dist/tex/latex/float/float.sty
Package: float 2001/11/08 v1.3d Float enhancements (AL)
\c@float@type=\count278
\float@exts=\toks18
\float@box=\box49
\@float@everytoks=\toks19
\@floatcapt=\box50
)
(/usr/local/texlive/2020/texmf-dist/tex/latex/hyperref/hyperref.sty
Package: hyperref 2020/01/14 v7.00d Hypertext links for LaTeX

(/usr/local/texlive/2020/texmf-dist/tex/generic/ltxcmds/ltxcmds.sty
Package: ltxcmds 2019/12/15 v1.24 LaTeX kernel commands for general use (HO)
)
(/usr/local/texlive/2020/texmf-dist/tex/generic/iftex/iftex.sty
Package: iftex 2020/03/06 v1.0d TeX engine tests
)
(/usr/local/texlive/2020/texmf-dist/tex/latex/pdftexcmds/pdftexcmds.sty
Package: pdftexcmds 2019/11/24 v0.31 Utility functions of pdfTeX for LuaTeX (HO
)

(/usr/local/texlive/2020/texmf-dist/tex/generic/infwarerr/infwarerr.sty
Package: infwarerr 2019/12/03 v1.5 Providing info/warning/error messages (HO)
)
Package pdftexcmds Info: \pdf@primitive is available.
Package pdftexcmds Info: \pdf@ifprimitive is available.
Package pdftexcmds Info: \pdfdraftmode found.
)
(/usr/local/texlive/2020/texmf-dist/tex/generic/kvsetkeys/kvsetkeys.sty
Package: kvsetkeys 2019/12/15 v1.18 Key value parser (HO)
)
(/usr/local/texlive/2020/texmf-dist/tex/generic/kvdefinekeys/kvdefinekeys.sty
Package: kvdefinekeys 2019-12-19 v1.6 Define keys (HO)
)
(/usr/local/texlive/2020/texmf-dist/tex/generic/pdfescape/pdfescape.sty
Package: pdfescape 2019/12/09 v1.15 Implements pdfTeX's escape features (HO)
)
(/usr/local/texlive/2020/texmf-dist/tex/latex/hycolor/hycolor.sty
Package: hycolor 2020-01-27 v1.10 Color options for hyperref/bookmark (HO)
)
(/usr/local/texlive/2020/texmf-dist/tex/latex/letltxmacro/letltxmacro.sty
Package: letltxmacro 2019/12/03 v1.6 Let assignment for LaTeX macros (HO)
)
(/usr/local/texlive/2020/texmf-dist/tex/latex/auxhook/auxhook.sty
Package: auxhook 2019-12-17 v1.6 Hooks for auxiliary files (HO)
)
(/usr/local/texlive/2020/texmf-dist/tex/latex/kvoptions/kvoptions.sty
Package: kvoptions 2019/11/29 v3.13 Key value format for package options (HO)
)
\@linkdim=\dimen148
\Hy@linkcounter=\count279
\Hy@pagecounter=\count280

(/usr/local/texlive/2020/texmf-dist/tex/latex/hyperref/pd1enc.def
File: pd1enc.def 2020/01/14 v7.00d Hyperref: PDFDocEncoding definition (HO)
Now handling font encoding PD1 ...
... no UTF-8 mapping file for font encoding PD1
)
(/usr/local/texlive/2020/texmf-dist/tex/generic/intcalc/intcalc.sty
Package: intcalc 2019/12/15 v1.3 Expandable calculations with integers (HO)
)
(/usr/local/texlive/2020/texmf-dist/tex/generic/etexcmds/etexcmds.sty
Package: etexcmds 2019/12/15 v1.7 Avoid name clashes with e-TeX commands (HO)
)
\Hy@SavedSpaceFactor=\count281
Package hyperref Info: Hyper figures OFF on input line 4547.
Package hyperref Info: Link nesting OFF on input line 4552.
Package hyperref Info: Hyper index ON on input line 4555.
Package hyperref Info: Plain pages OFF on input line 4562.
Package hyperref Info: Backreferencing OFF on input line 4567.
Package hyperref Info: Implicit mode ON; LaTeX internals redefined.
Package hyperref Info: Bookmarks ON on input line 4800.
\c@Hy@tempcnt=\count282

(/usr/local/texlive/2020/texmf-dist/tex/latex/url/url.sty
\Urlmuskip=\muskip16
Package: url 2013/09/16  ver 3.4  Verb mode for urls, etc.
)
LaTeX Info: Redefining \url on input line 5159.
\XeTeXLinkMargin=\dimen149

(/usr/local/texlive/2020/texmf-dist/tex/generic/bitset/bitset.sty
Package: bitset 2019/12/09 v1.3 Handle bit-vector datatype (HO)

(/usr/local/texlive/2020/texmf-dist/tex/generic/bigintcalc/bigintcalc.sty
Package: bigintcalc 2019/12/15 v1.5 Expandable calculations on big integers (HO
)
))
\Fld@menulength=\count283
\Field@Width=\dimen150
\Fld@charsize=\dimen151
Package hyperref Info: Hyper figures OFF on input line 6430.
Package hyperref Info: Link nesting OFF on input line 6435.
Package hyperref Info: Hyper index ON on input line 6438.
Package hyperref Info: backreferencing OFF on input line 6445.
Package hyperref Info: Link coloring OFF on input line 6450.
Package hyperref Info: Link coloring with OCG OFF on input line 6455.
Package hyperref Info: PDF/A mode OFF on input line 6460.
LaTeX Info: Redefining \ref on input line 6500.
LaTeX Info: Redefining \pageref on input line 6504.

(/usr/local/texlive/2020/texmf-dist/tex/generic/atbegshi/atbegshi.sty
Package: atbegshi 2019/12/05 v1.19 At begin shipout hook (HO)
)
\Hy@abspage=\count284
\c@Item=\count285
\c@Hfootnote=\count286
)
Package hyperref Info: Driver (autodetected): hpdftex.

(/usr/local/texlive/2020/texmf-dist/tex/latex/hyperref/hpdftex.def
File: hpdftex.def 2020/01/14 v7.00d Hyperref driver for pdfTeX

(/usr/local/texlive/2020/texmf-dist/tex/latex/atveryend/atveryend.sty
Package: atveryend 2019-12-11 v1.11 Hooks at the very end of document (HO)
Package atveryend Info: \enddocument detected (standard20110627).
)
\Fld@listcount=\count287
\c@bookmark@seq@number=\count288

(/usr/local/texlive/2020/texmf-dist/tex/latex/rerunfilecheck/rerunfilecheck.sty
Package: rerunfilecheck 2019/12/05 v1.9 Rerun checks for auxiliary files (HO)

(/usr/local/texlive/2020/texmf-dist/tex/generic/uniquecounter/uniquecounter.sty
Package: uniquecounter 2019/12/15 v1.4 Provide unlimited unique counter (HO)
)
Package uniquecounter Info: New unique counter `rerunfilecheck' on input line 2
86.
)
\Hy@SectionHShift=\skip68
) (/usr/local/texlive/2020/texmf-dist/tex/latex/parskip/parskip.sty
Package: parskip 2020-01-22 v2.0d non-zero parskip adjustments

(/usr/local/texlive/2020/texmf-dist/tex/latex/etoolbox/etoolbox.sty
Package: etoolbox 2019/09/21 v2.5h e-TeX tools for LaTeX (JAW)
\etb@tempcnta=\count289
))
(/usr/local/texlive/2020/texmf-dist/tex/latex/l3backend/l3backend-pdfmode.def
File: l3backend-pdfmode.def 2020-03-12 L3 backend support: PDF mode
\l__kernel_color_stack_int=\count290
\l__pdf_internal_box=\box51
)

LaTeX Warning: Unused global option(s):
    [fontsize=11pt,paper=a4,pagesize=auto].

(./main.aux

LaTeX Warning: Label `fig:Login' multiply defined.


LaTeX Warning: Label `fig:Login' multiply defined.


LaTeX Warning: Label `fig:Login' multiply defined.


LaTeX Warning: Label `fig:first' multiply defined.


LaTeX Warning: Label `sub@fig:first' multiply defined.


LaTeX Warning: Label `fig:second' multiply defined.


LaTeX Warning: Label `sub@fig:second' multiply defined.


LaTeX Warning: Label `fig:third' multiply defined.


LaTeX Warning: Label `sub@fig:third' multiply defined.


LaTeX Warning: Label `fig:fourth' multiply defined.


LaTeX Warning: Label `sub@fig:fourth' multiply defined.


LaTeX Warning: Label `fig:subfigures' multiply defined.


LaTeX Warning: Label `fig:first' multiply defined.


LaTeX Warning: Label `sub@fig:first' multiply defined.


LaTeX Warning: Label `fig:second' multiply defined.


LaTeX Warning: Label `sub@fig:second' multiply defined.


LaTeX Warning: Label `fig:third' multiply defined.


LaTeX Warning: Label `sub@fig:third' multiply defined.


LaTeX Warning: Label `fig:fourth' multiply defined.


LaTeX Warning: Label `sub@fig:fourth' multiply defined.


LaTeX Warning: Label `fig:subfigures' multiply defined.


LaTeX Warning: Label `fig:f1' multiply defined.


LaTeX Warning: Label `sub@fig:f1' multiply defined.


LaTeX Warning: Label `fig:f2' multiply defined.


LaTeX Warning: Label `sub@fig:f2' multiply defined.


LaTeX Warning: Label `fig:UML' multiply defined.


LaTeX Warning: Label `fig:UML' multiply defined.

)
\openout1 = `main.aux'.

LaTeX Font Info:    Checking defaults for OML/cmm/m/it on input line 15.
LaTeX Font Info:    ... okay on input line 15.
LaTeX Font Info:    Checking defaults for OMS/cmsy/m/n on input line 15.
LaTeX Font Info:    ... okay on input line 15.
LaTeX Font Info:    Checking defaults for OT1/cmr/m/n on input line 15.
LaTeX Font Info:    ... okay on input line 15.
LaTeX Font Info:    Checking defaults for T1/cmr/m/n on input line 15.
LaTeX Font Info:    ... okay on input line 15.
LaTeX Font Info:    Checking defaults for TS1/cmr/m/n on input line 15.
LaTeX Font Info:    ... okay on input line 15.
LaTeX Font Info:    Checking defaults for OMX/cmex/m/n on input line 15.
LaTeX Font Info:    ... okay on input line 15.
LaTeX Font Info:    Checking defaults for U/cmr/m/n on input line 15.
LaTeX Font Info:    ... okay on input line 15.
LaTeX Font Info:    Checking defaults for PD1/pdf/m/n on input line 15.
LaTeX Font Info:    ... okay on input line 15.
LaTeX Font Info:    Trying to load font information for OT1+lmr on input line 1
5.
 (/usr/local/texlive/2020/texmf-dist/tex/latex/lm/ot1lmr.fd
File: ot1lmr.fd 2009/10/30 v1.6 Font defs for Latin Modern
)
LaTeX Info: Redefining \microtypecontext on input line 15.
Package microtype Info: Generating PDF output.
Package microtype Info: Character protrusion enabled (level 2).
Package microtype Info: Using default protrusion set `alltext'.
Package microtype Info: Automatic font expansion enabled (level 2),
(microtype)             stretch: 20, shrink: 20, step: 1, non-selected.
Package microtype Info: Using default expansion set `basictext'.
LaTeX Info: Redefining \showhyphens on input line 15.
Package microtype Info: No adjustment of tracking.
Package microtype Info: No adjustment of interword spacing.
Package microtype Info: No adjustment of character kerning.

(/usr/local/texlive/2020/texmf-dist/tex/latex/microtype/mt-cmr.cfg
File: mt-cmr.cfg 2013/05/19 v2.2 microtype config. file: Computer Modern Roman 
(RS)
)
(/usr/local/texlive/2020/texmf-dist/tex/context/base/mkii/supp-pdf.mkii
[Loading MPS to PDF converter (version 2006.09.02).]
\scratchcounter=\count291
\scratchdimen=\dimen152
\scratchbox=\box52
\nofMPsegments=\count292
\nofMParguments=\count293
\everyMPshowfont=\toks20
\MPscratchCnt=\count294
\MPscratchDim=\dimen153
\MPnumerator=\count295
\makeMPintoPDFobject=\count296
\everyMPtoPDFconversion=\toks21
) (/usr/local/texlive/2020/texmf-dist/tex/latex/epstopdf-pkg/epstopdf-base.sty
Package: epstopdf-base 2020-01-24 v2.11 Base part for package epstopdf
Package epstopdf-base Info: Redefining graphics rule for `.eps' on input line 4
85.

(/usr/local/texlive/2020/texmf-dist/tex/latex/latexconfig/epstopdf-sys.cfg
File: epstopdf-sys.cfg 2010/07/13 v1.3 Configuration of (r)epstopdf for TeX Liv
e
))
Package caption Info: Begin \AtBeginDocument code.
Package caption Info: subfig package v1.3 is loaded.
Package caption Info: float package is loaded.
Package caption Info: hyperref package is loaded.
Package caption Info: longtable package is loaded.

(/usr/local/texlive/2020/texmf-dist/tex/latex/caption/ltcaption.sty
Package: ltcaption 2018/08/26 v1.4a longtable captions (AR)
)
Package caption Info: End \AtBeginDocument code.
\AtBeginShipoutBox=\box53
Package hyperref Info: Link coloring OFF on input line 15.

(/usr/local/texlive/2020/texmf-dist/tex/latex/hyperref/nameref.sty
Package: nameref 2019/09/16 v2.46 Cross-referencing by name of section

(/usr/local/texlive/2020/texmf-dist/tex/latex/refcount/refcount.sty
Package: refcount 2019/12/15 v3.6 Data extraction from label references (HO)
)
(/usr/local/texlive/2020/texmf-dist/tex/generic/gettitlestring/gettitlestring.s
ty
Package: gettitlestring 2019/12/15 v1.6 Cleanup title references (HO)
)
\c@section@level=\count297
)
LaTeX Info: Redefining \ref on input line 15.
LaTeX Info: Redefining \pageref on input line 15.
LaTeX Info: Redefining \nameref on input line 15.
 (./main.out) (./main.out)
\@outlinefile=\write4
\openout4 = `main.out'.

<images/polimi.jpg, id=172, 1303.87125pt x 1013.7875pt>
File: images/polimi.jpg Graphic file (type jpg)
<use images/polimi.jpg>
Package pdftex.def Info: images/polimi.jpg  used on input line 19.
(pdftex.def)             Requested size: 150.0pt x 116.62178pt.
 [1

{/usr/local/texlive/2020/texmf-var/fonts/map/pdftex/updmap/pdftex.map} <./image
s/polimi.jpg>] (./main.toc
LaTeX Font Info:    Trying to load font information for OML+lmm on input line 3
.

(/usr/local/texlive/2020/texmf-dist/tex/latex/lm/omllmm.fd
File: omllmm.fd 2009/10/30 v1.6 Font defs for Latin Modern
)
LaTeX Font Info:    Trying to load font information for OMS+lmsy on input line 
3.

(/usr/local/texlive/2020/texmf-dist/tex/latex/lm/omslmsy.fd
File: omslmsy.fd 2009/10/30 v1.6 Font defs for Latin Modern
)
LaTeX Font Info:    Trying to load font information for OMX+lmex on input line 
3.

(/usr/local/texlive/2020/texmf-dist/tex/latex/lm/omxlmex.fd
File: omxlmex.fd 2009/10/30 v1.6 Font defs for Latin Modern
)
LaTeX Font Info:    External font `lmex10' loaded for size
(Font)              <10> on input line 3.
LaTeX Font Info:    External font `lmex10' loaded for size
(Font)              <7> on input line 3.
LaTeX Font Info:    External font `lmex10' loaded for size
(Font)              <5> on input line 3.
pdfTeX warning (ext4): destination with the same identifier (name{page.1}) has 
been already used, duplicate ignored
<to be read again> 
                   \relax 
l.35 ...ftware System Attributes}{24}{section.3.5}
                                                  % [1

])
\tf@toc=\write5
\openout5 = `main.toc'.

 [2]
Chapter 1.
(./chapters/introduction.tex
LaTeX Font Info:    Trying to load font information for TS1+lmr on input line 6
.

(/usr/local/texlive/2020/texmf-dist/tex/latex/lm/ts1lmr.fd
File: ts1lmr.fd 2009/10/30 v1.6 Font defs for Latin Modern
) [3

] [4] [5])
[6]
Chapter 2.
(./chapters/overall_description.tex
<diagrams/UML_simple.png, id=253, 1290.8225pt x 611.28375pt>
File: diagrams/UML_simple.png Graphic file (type png)
<use diagrams/UML_simple.png>
Package pdftex.def Info: diagrams/UML_simple.png  used on input line 27.
(pdftex.def)             Requested size: 413.99736pt x 241.4964pt.

Overfull \hbox (68.99736pt too wide) in paragraph at lines 27--28
 [][] 
 []


LaTeX Warning: `h' float specifier changed to `ht'.

[7

]
<diagrams/2-reservation.png, id=260, 563.10374pt x 121.45375pt>
File: diagrams/2-reservation.png Graphic file (type png)
<use diagrams/2-reservation.png>
Package pdftex.def Info: diagrams/2-reservation.png  used on input line 49.
(pdftex.def)             Requested size: 276.00058pt x 68.99768pt.
 [8 <./diagrams/UML_simple.png> <./diagrams/2-reservation.png>]
<diagrams/2-visit.png, id=271, 683.55376pt x 272.01625pt>
File: diagrams/2-visit.png Graphic file (type png)
<use diagrams/2-visit.png>
Package pdftex.def Info: diagrams/2-visit.png  used on input line 66.
(pdftex.def)             Requested size: 276.00334pt x 138.00423pt.
 [9 <./diagrams/2-visit.png>]
Overfull \hbox (24.56702pt too wide) in paragraph at lines 101--101
[]\OT1/lmr/bx/n/14.4 Assumptions, de-pen-den-cies and con-straints 
 []

) [10]
Chapter 3.
(./chapters/specific_requirements.tex
Underfull \hbox (badness 10000) in paragraph at lines 3--6

 []

<images/mockup/login.png, id=283, 334.24875pt x 678.535pt>
File: images/mockup/login.png Graphic file (type png)
<use images/mockup/login.png>
Package pdftex.def Info: images/mockup/login.png  used on input line 14.
(pdftex.def)             Requested size: 116.9888pt x 237.4908pt.
<images/mockup/select2.png, id=284, 340.27126pt x 679.53876pt>
File: images/mockup/select2.png Graphic file (type png)
<use images/mockup/select2.png>
Package pdftex.def Info: images/mockup/select2.png  used on input line 22.
(pdftex.def)             Requested size: 119.09671pt x 237.84213pt.
<images/mockup/reg1.png, id=285, 344.28625pt x 680.5425pt>
File: images/mockup/reg1.png Graphic file (type png)
<use images/mockup/reg1.png>
Package pdftex.def Info: images/mockup/reg1.png  used on input line 34.
(pdftex.def)             Requested size: 120.50198pt x 238.19344pt.
<images/mockup/reg2.png, id=286, 339.2675pt x 681.54625pt>
File: images/mockup/reg2.png Graphic file (type png)
<use images/mockup/reg2.png>
Package pdftex.def Info: images/mockup/reg2.png  used on input line 36.
(pdftex.def)             Requested size: 118.74539pt x 238.54475pt.
<images/mockup/home1.png, id=287, 342.27875pt x 679.53876pt>
File: images/mockup/home1.png Graphic file (type png)
<use images/mockup/home1.png>
Package pdftex.def Info: images/mockup/home1.png  used on input line 47.
(pdftex.def)             Requested size: 119.79935pt x 237.84213pt.
<images/mockup/home_options.png, id=288, 342.27875pt x 679.53876pt>
File: images/mockup/home_options.png Graphic file (type png)
<use images/mockup/home_options.png>
Package pdftex.def Info: images/mockup/home_options.png  used on input line 56.

(pdftex.def)             Requested size: 119.79935pt x 237.84213pt.
<images/mockup/reserve1.png, id=289, 342.27875pt x 679.53876pt>
File: images/mockup/reserve1.png Graphic file (type png)
<use images/mockup/reserve1.png>
Package pdftex.def Info: images/mockup/reserve1.png  used on input line 67.
(pdftex.def)             Requested size: 119.79935pt x 237.84213pt.
<images/mockup/reservation_size.png, id=290, 343.2825pt x 687.56876pt>
File: images/mockup/reservation_size.png Graphic file (type png)
<use images/mockup/reservation_size.png>
Package pdftex.def Info: images/mockup/reservation_size.png  used on input line
 71.
(pdftex.def)             Requested size: 120.15067pt x 240.65266pt.
<images/mockup/reserve2.png, id=291, 343.2825pt x 681.54625pt>
File: images/mockup/reserve2.png Graphic file (type png)
<use images/mockup/reserve2.png>
Package pdftex.def Info: images/mockup/reserve2.png  used on input line 75.
(pdftex.def)             Requested size: 120.15067pt x 238.54475pt.
<images/mockup/qrcode_reservation_done.png, id=292, 348.30125pt x 683.55376pt>
File: images/mockup/qrcode_reservation_done.png Graphic file (type png)
<use images/mockup/qrcode_reservation_done.png>
Package pdftex.def Info: images/mockup/qrcode_reservation_done.png  used on inp
ut line 79.
(pdftex.def)             Requested size: 121.90726pt x 239.24739pt.

LaTeX Warning: Float too large for page by 11.90002pt on input line 87.

<images/mockup/visit1.png, id=293, 343.2825pt x 683.55376pt>
File: images/mockup/visit1.png Graphic file (type png)
<use images/mockup/visit1.png>
Package pdftex.def Info: images/mockup/visit1.png  used on input line 95.
(pdftex.def)             Requested size: 120.15067pt x 239.24739pt.
<images/mockup/visit2.png, id=294, 342.27875pt x 684.5575pt>
File: images/mockup/visit2.png Graphic file (type png)
<use images/mockup/visit2.png>
Package pdftex.def Info: images/mockup/visit2.png  used on input line 99.
(pdftex.def)             Requested size: 119.79935pt x 239.59871pt.
<images/mockup/visit_size.png, id=295, 346.29375pt x 685.56125pt>
File: images/mockup/visit_size.png Graphic file (type png)
<use images/mockup/visit_size.png>
Package pdftex.def Info: images/mockup/visit_size.png  used on input line 103.
(pdftex.def)             Requested size: 121.20462pt x 239.95003pt.
<images/mockup/qr_visit_done.png, id=296, 338.26375pt x 680.5425pt>
File: images/mockup/qr_visit_done.png Graphic file (type png)
<use images/mockup/qr_visit_done.png>
Package pdftex.def Info: images/mockup/qr_visit_done.png  used on input line 10
7.
(pdftex.def)             Requested size: 118.39407pt x 238.19344pt.

LaTeX Warning: Float too large for page by 11.5487pt on input line 115.

<images/mockup/qr2.png, id=297, 342.27875pt x 677.53125pt>
File: images/mockup/qr2.png Graphic file (type png)
<use images/mockup/qr2.png>
Package pdftex.def Info: images/mockup/qr2.png  used on input line 125.
(pdftex.def)             Requested size: 119.79935pt x 237.13948pt.
<images/mockup/qr4.png, id=298, 352.31625pt x 681.54625pt>
File: images/mockup/qr4.png Graphic file (type png)
<use images/mockup/qr4.png>
Package pdftex.def Info: images/mockup/qr4.png  used on input line 129.
(pdftex.def)             Requested size: 123.31253pt x 238.54475pt.
<images/mockup/qr5.png, id=299, 346.29375pt x 682.55pt>
File: images/mockup/qr5.png Graphic file (type png)
<use images/mockup/qr5.png>
Package pdftex.def Info: images/mockup/qr5.png  used on input line 133.
(pdftex.def)             Requested size: 121.20462pt x 238.89607pt.
<images/mockup/qr6.png, id=300, 341.275pt x 682.55pt>
File: images/mockup/qr6.png Graphic file (type png)
<use images/mockup/qr6.png>
Package pdftex.def Info: images/mockup/qr6.png  used on input line 137.
(pdftex.def)             Requested size: 119.44803pt x 238.89607pt.

LaTeX Warning: Float too large for page by 9.4408pt on input line 145.

<images/mockup/qr1.png, id=301, 336.25626pt x 678.535pt>
File: images/mockup/qr1.png Graphic file (type png)
<use images/mockup/qr1.png>
Package pdftex.def Info: images/mockup/qr1.png  used on input line 150.
(pdftex.def)             Requested size: 117.69145pt x 237.4908pt.
<images/mockup/qr7.png, id=302, 348.30125pt x 684.5575pt>
File: images/mockup/qr7.png Graphic file (type png)
<use images/mockup/qr7.png>
Package pdftex.def Info: images/mockup/qr7.png  used on input line 152.
(pdftex.def)             Requested size: 121.90726pt x 239.59871pt.
[11

] [12 <./images/mockup/login.png> <./images/mockup/select2.png>] [13 <./images/
mockup/reg1.png> <./images/mockup/reg2.png>] [14 <./images/mockup/home1.png> <.
/images/mockup/home_options.png>]
<diagrams/UseCaseUser.png, id=335, 924.45375pt x 854.19125pt>
File: diagrams/UseCaseUser.png Graphic file (type png)
<use diagrams/UseCaseUser.png>
Package pdftex.def Info: diagrams/UseCaseUser.png  used on input line 184.
(pdftex.def)             Requested size: 345.00479pt x 344.9941pt.


LaTeX Warning: `h' float specifier changed to `ht'.


Overfull \hbox (50.43306pt too wide) in paragraph at lines 192--220
[][] 
 []


Overfull \hbox (50.43306pt too wide) in paragraph at lines 223--254
[][] 
 []

[15]
Overfull \hbox (50.43306pt too wide) in paragraph at lines 257--283
[][] 
 []


Overfull \hbox (50.43306pt too wide) in paragraph at lines 286--313
[][] 
 []

[16]
Overfull \hbox (50.43306pt too wide) in paragraph at lines 316--345
[][] 
 []


Overfull \hbox (50.43306pt too wide) in paragraph at lines 348--374
[][] 
 []

[17]
Overfull \hbox (50.43306pt too wide) in paragraph at lines 377--410
[][] 
 []


Overfull \hbox (50.43306pt too wide) in paragraph at lines 413--431
[][] 
 []


Overfull \hbox (50.43306pt too wide) in paragraph at lines 434--455
[][] 
 []

[18]
Overfull \hbox (50.43306pt too wide) in paragraph at lines 458--487
[][] 
 []


Overfull \hbox (50.43306pt too wide) in paragraph at lines 490--512
[][] 
 []

[19]
<diagrams/UseCaseReception.png, id=357, 843.15pt x 623.32875pt>
File: diagrams/UseCaseReception.png Graphic file (type png)
<use diagrams/UseCaseReception.png>
Package pdftex.def Info: diagrams/UseCaseReception.png  used on input line 535.

(pdftex.def)             Requested size: 344.999pt x 345.00043pt.


LaTeX Warning: `h' float specifier changed to `ht'.


Overfull \hbox (50.43306pt too wide) in paragraph at lines 543--572
[][] 
 []


Overfull \hbox (50.43306pt too wide) in paragraph at lines 573--600
[][] 
 []

[20]
Overfull \hbox (50.43306pt too wide) in paragraph at lines 601--631
[][] 
 []


Overfull \hbox (50.43306pt too wide) in paragraph at lines 632--660
[][] 
 []

[21]
Overfull \hbox (50.43306pt too wide) in paragraph at lines 662--684
[][] 
 []


Overfull \hbox (50.43306pt too wide) in paragraph at lines 685--703
[][] 
 []


Overfull \hbox (50.43306pt too wide) in paragraph at lines 704--732
[][] 
 []

[22]
Overfull \hbox (50.43306pt too wide) in paragraph at lines 733--759
[][] 
 []


Overfull \hbox (50.43306pt too wide) in paragraph at lines 760--785
[][] 
 []

[23] [24]) [25] [26 <./images/mockup/reserve1.png> <./images/mockup/reservation
_size.png> <./images/mockup/reserve2.png> <./images/mockup/qrcode_reservation_d
one.png>] [27 <./images/mockup/visit1.png> <./images/mockup/visit2.png> <./imag
es/mockup/visit_size.png> <./images/mockup/qr_visit_done.png>] [28 <./images/mo
ckup/qr2.png> <./images/mockup/qr4.png> <./images/mockup/qr5.png> <./images/moc
kup/qr6.png>] [29 <./images/mockup/qr1.png> <./images/mockup/qr7.png>] [30 <./d
iagrams/UseCaseUser.png>] [31 <./diagrams/UseCaseReception.png>]
Chapter 4.
[32

]
Chapter 5.
[33

]
Chapter 6.
Package atveryend Info: Empty hook `BeforeClearDocument' on input line 67.
[34

]
Package atveryend Info: Empty hook `AfterLastShipout' on input line 67.
 (./main.aux)
Package atveryend Info: Executing hook `AtVeryEndDocument' on input line 67.


 *File List*
  report.cls    2019/12/20 v1.4l Standard LaTeX document class
  size10.clo    2019/12/20 v1.4l Standard LaTeX file (size option)
 lmodern.sty    2009/10/30 v1.6 Latin Modern Fonts
   babel.sty    2020/03/22 3.42 The Babel package
 english.ldf    2017/06/06 v3.3r English support from the babel system
blindtext.sty    2012/01/06 V2.0 blindtext-Package
  xspace.sty    2014/10/28 v1.13 Space after command names (DPC,MH)
microtype.sty    2019/11/18 v2.7d Micro-typographical refinements (RS)
  keyval.sty    2014/10/28 v1.15 key=value parser (DPC)
microtype-pdftex.def    2019/11/18 v2.7d Definitions specific to pdftex (RS)
microtype.cfg    2019/11/18 v2.7d microtype main configuration file (RS)
  xcolor.sty    2016/05/11 v2.12 LaTeX color extensions (UK)
   color.cfg    2016/01/02 v1.6 sample color configuration
  pdftex.def    2018/01/08 v1.0l Graphics/color driver for pdftex
 comment.sty    
subfiles.sty    2020/02/14 v1.6 Multi-file projects (package)
  import.sty    2020/01/22  v 6.0
graphicx.sty    2019/11/30 v1.2a Enhanced LaTeX Graphics (DPC,SPQR)
graphics.sty    2019/11/30 v1.4a Standard LaTeX Graphics (DPC,SPQR)
    trig.sty    2016/01/03 v1.10 sin cos tan (DPC)
graphics.cfg    2016/06/04 v1.11 sample graphics configuration
 caption.sty    2020/01/03 v3.4h Customizing captions (AR)
caption3.sty    2020/01/03 v1.8h caption3 kernel (AR)
longtable.sty    2020/01/07 v4.13 Multi-page Table package (DPC)
  subfig.sty    2005/06/28 ver: 1.3 subfig package
fancyhdr.sty    2019/01/31 v3.10 Extensive control of page headers and footers
   float.sty    2001/11/08 v1.3d Float enhancements (AL)
hyperref.sty    2020/01/14 v7.00d Hypertext links for LaTeX
 ltxcmds.sty    2019/12/15 v1.24 LaTeX kernel commands for general use (HO)
   iftex.sty    2020/03/06 v1.0d TeX engine tests
pdftexcmds.sty    2019/11/24 v0.31 Utility functions of pdfTeX for LuaTeX (HO)
infwarerr.sty    2019/12/03 v1.5 Providing info/warning/error messages (HO)
kvsetkeys.sty    2019/12/15 v1.18 Key value parser (HO)
kvdefinekeys.sty    2019-12-19 v1.6 Define keys (HO)
pdfescape.sty    2019/12/09 v1.15 Implements pdfTeX's escape features (HO)
 hycolor.sty    2020-01-27 v1.10 Color options for hyperref/bookmark (HO)
letltxmacro.sty    2019/12/03 v1.6 Let assignment for LaTeX macros (HO)
 auxhook.sty    2019-12-17 v1.6 Hooks for auxiliary files (HO)
kvoptions.sty    2019/11/29 v3.13 Key value format for package options (HO)
  pd1enc.def    2020/01/14 v7.00d Hyperref: PDFDocEncoding definition (HO)
 intcalc.sty    2019/12/15 v1.3 Expandable calculations with integers (HO)
etexcmds.sty    2019/12/15 v1.7 Avoid name clashes with e-TeX commands (HO)
     url.sty    2013/09/16  ver 3.4  Verb mode for urls, etc.
  bitset.sty    2019/12/09 v1.3 Handle bit-vector datatype (HO)
bigintcalc.sty    2019/12/15 v1.5 Expandable calculations on big integers (HO)
atbegshi.sty    2019/12/05 v1.19 At begin shipout hook (HO)
 hpdftex.def    2020/01/14 v7.00d Hyperref driver for pdfTeX
atveryend.sty    2019-12-11 v1.11 Hooks at the very end of document (HO)
rerunfilecheck.sty    2019/12/05 v1.9 Rerun checks for auxiliary files (HO)
uniquecounter.sty    2019/12/15 v1.4 Provide unlimited unique counter (HO)
 parskip.sty    2020-01-22 v2.0d non-zero parskip adjustments
etoolbox.sty    2019/09/21 v2.5h e-TeX tools for LaTeX (JAW)
l3backend-pdfmode.def    2020-03-12 L3 backend support: PDF mode
  ot1lmr.fd    2009/10/30 v1.6 Font defs for Latin Modern
  mt-cmr.cfg    2013/05/19 v2.2 microtype config. file: Computer Modern Roman (
RS)
supp-pdf.mkii
epstopdf-base.sty    2020-01-24 v2.11 Base part for package epstopdf
epstopdf-sys.cfg    2010/07/13 v1.3 Configuration of (r)epstopdf for TeX Live
ltcaption.sty    2018/08/26 v1.4a longtable captions (AR)
 nameref.sty    2019/09/16 v2.46 Cross-referencing by name of section
refcount.sty    2019/12/15 v3.6 Data extraction from label references (HO)
gettitlestring.sty    2019/12/15 v1.6 Cleanup title references (HO)
    main.out
    main.out
images/polimi.jpg
  omllmm.fd    2009/10/30 v1.6 Font defs for Latin Modern
 omslmsy.fd    2009/10/30 v1.6 Font defs for Latin Modern
 omxlmex.fd    2009/10/30 v1.6 Font defs for Latin Modern
chapters/introduction.tex
  ts1lmr.fd    2009/10/30 v1.6 Font defs for Latin Modern
chapters/overall_description.tex
diagrams/UML_simple.png
diagrams/2-reservation.png
diagrams/2-visit.png
chapters/specific_requirements.tex
images/mockup/login.png
images/mockup/select2.png
images/mockup/reg1.png
images/mockup/reg2.png
images/mockup/home1.png
images/mockup/home_options.png
images/mockup/reserve1.png
images/mockup/reservation_size.png
images/mockup/reserve2.png
images/mockup/qrcode_reservation_done.png
images/mockup/visit1.png
images/mockup/visit2.png
images/mockup/visit_size.png
images/mockup/qr_visit_done.png
images/mockup/qr2.png
images/mockup/qr4.png
images/mockup/qr5.png
images/mockup/qr6.png
images/mockup/qr1.png
images/mockup/qr7.png
diagrams/UseCaseUser.png
diagrams/UseCaseReception.png
 ***********

Package atveryend Info: Executing hook `AtEndAfterFileList' on input line 67.
Package rerunfilecheck Info: File `main.out' has not changed.
(rerunfilecheck)             Checksum: 236D0F931020E4E0B55BD37712C152F9;2758.

LaTeX Warning: There were multiply-defined labels.

Package atveryend Info: Empty hook `AtVeryVeryEnd' on input line 67.
 ) 
Here is how much of TeX's memory you used:
 10461 strings out of 480608
 167219 string characters out of 5903629
 499402 words of memory out of 5000000
 25917 multiletter control sequences out of 15000+600000
 590077 words of font info for 97 fonts, out of 8000000 for 9000
 1141 hyphenation exceptions out of 8191
 41i,10n,51p,907b,476s stack positions out of 5000i,500n,10000p,200000b,80000s
{/usr/local/texlive/2020/texmf-dist/fonts/enc/dvips/lm/lm-rm.enc}{/usr/local/
texlive/2020/texmf-dist/fonts/enc/dvips/lm/lm-ts1.enc}{/usr/local/texlive/2020/
texmf-dist/fonts/enc/dvips/lm/lm-rmsc.enc}</usr/local/texlive/2020/texmf-dist/f
onts/type1/public/lm/lmbx10.pfb></usr/local/texlive/2020/texmf-dist/fonts/type1
/public/lm/lmbx12.pfb></usr/local/texlive/2020/texmf-dist/fonts/type1/public/lm
/lmcsc10.pfb></usr/local/texlive/2020/texmf-dist/fonts/type1/public/lm/lmr10.pf
b></usr/local/texlive/2020/texmf-dist/fonts/type1/public/lm/lmr12.pfb></usr/loc
al/texlive/2020/texmf-dist/fonts/type1/public/lm/lmr8.pfb></usr/local/texlive/2
020/texmf-dist/fonts/type1/public/lm/lmri10.pfb>
Output written on main.pdf (35 pages, 2308709 bytes).
PDF statistics:
 509 PDF objects out of 1000 (max. 8388607)
 409 compressed objects within 5 object streams
 108 named destinations out of 1000 (max. 500000)
 17363 words of extra memory for PDF output out of 20736 (max. 10000000)

