\BOOKMARK [0][-]{chapter.1}{Introduction}{}% 1
\BOOKMARK [1][-]{section.1.1}{Purpose}{chapter.1}% 2
\BOOKMARK [1][-]{section.1.2}{Scope}{chapter.1}% 3
\BOOKMARK [1][-]{section.1.3}{Definitions, Acronyms, Abbreviations}{chapter.1}% 4
\BOOKMARK [2][-]{subsection.1.3.1}{Definitions}{section.1.3}% 5
\BOOKMARK [2][-]{subsection.1.3.2}{Acronyms}{section.1.3}% 6
\BOOKMARK [2][-]{subsection.1.3.3}{Abbreviations}{section.1.3}% 7
\BOOKMARK [1][-]{section.1.4}{Revision history}{chapter.1}% 8
\BOOKMARK [1][-]{section.1.5}{Reference Documents}{chapter.1}% 9
\BOOKMARK [1][-]{section.1.6}{Document Structure}{chapter.1}% 10
\BOOKMARK [0][-]{chapter.2}{Overall Description}{}% 11
\BOOKMARK [1][-]{section.2.1}{Product perspective}{chapter.2}% 12
\BOOKMARK [1][-]{section.2.2}{Product functions}{chapter.2}% 13
\BOOKMARK [1][-]{section.2.3}{User characteristics}{chapter.2}% 14
\BOOKMARK [1][-]{section.2.4}{Assumptions, dependencies and constraints}{chapter.2}% 15
\BOOKMARK [0][-]{chapter.3}{Specific Requirements}{}% 16
\BOOKMARK [1][-]{section.3.1}{External Interface Requirements}{chapter.3}% 17
\BOOKMARK [2][-]{subsection.3.1.1}{User Interfaces}{section.3.1}% 18
\BOOKMARK [2][-]{subsection.3.1.2}{Hardware Interfaces}{section.3.1}% 19
\BOOKMARK [2][-]{subsection.3.1.3}{Software Interfaces}{section.3.1}% 20
\BOOKMARK [2][-]{subsection.3.1.4}{Communication Interfaces}{section.3.1}% 21
\BOOKMARK [1][-]{section.3.2}{Functional Requirements}{chapter.3}% 22
\BOOKMARK [1][-]{section.3.3}{Performance Requirements}{chapter.3}% 23
\BOOKMARK [1][-]{section.3.4}{Design Constraints}{chapter.3}% 24
\BOOKMARK [2][-]{subsection.3.4.1}{Standards compliance}{section.3.4}% 25
\BOOKMARK [2][-]{subsection.3.4.2}{Hardware limitations}{section.3.4}% 26
\BOOKMARK [2][-]{subsection.3.4.3}{Any other constraint}{section.3.4}% 27
\BOOKMARK [1][-]{section.3.5}{Software System Attributes}{chapter.3}% 28
\BOOKMARK [2][-]{subsection.3.5.1}{Reliability}{section.3.5}% 29
\BOOKMARK [2][-]{subsection.3.5.2}{Availabilitys}{section.3.5}% 30
\BOOKMARK [2][-]{subsection.3.5.3}{Security}{section.3.5}% 31
\BOOKMARK [2][-]{subsection.3.5.4}{Maintainability}{section.3.5}% 32
\BOOKMARK [2][-]{subsection.3.5.5}{Portability}{section.3.5}% 33
\BOOKMARK [0][-]{chapter.4}{Formal Analysis Using Alloy}{}% 34
\BOOKMARK [0][-]{chapter.5}{Effort Spent}{}% 35
\BOOKMARK [0][-]{chapter.6}{References}{}% 36
