\BOOKMARK [0][-]{chapter.1}{Introduction}{}% 1
\BOOKMARK [1][-]{section.1.1}{Purpose}{chapter.1}% 2
\BOOKMARK [2][-]{subsection.1.1.1}{General Purpose}{section.1.1}% 3
\BOOKMARK [2][-]{subsection.1.1.2}{Goals}{section.1.1}% 4
\BOOKMARK [1][-]{section.1.2}{Scope}{chapter.1}% 5
\BOOKMARK [2][-]{subsection.1.2.1}{World}{section.1.2}% 6
\BOOKMARK [2][-]{subsection.1.2.2}{Machine}{section.1.2}% 7
\BOOKMARK [2][-]{subsection.1.2.3}{Shared Phenomena}{section.1.2}% 8
\BOOKMARK [1][-]{section.1.3}{Definitions, Acronyms, Abbreviations}{chapter.1}% 9
\BOOKMARK [2][-]{subsection.1.3.1}{Definitions}{section.1.3}% 10
\BOOKMARK [2][-]{subsection.1.3.2}{Acronyms}{section.1.3}% 11
\BOOKMARK [2][-]{subsection.1.3.3}{Abbreviations}{section.1.3}% 12
\BOOKMARK [1][-]{section.1.4}{Revision history}{chapter.1}% 13
\BOOKMARK [1][-]{section.1.5}{Reference Documents}{chapter.1}% 14
\BOOKMARK [1][-]{section.1.6}{Document Structure}{chapter.1}% 15
\BOOKMARK [0][-]{chapter.2}{Overall Description}{}% 16
\BOOKMARK [1][-]{section.2.1}{Product perspective}{chapter.2}% 17
\BOOKMARK [1][-]{section.2.2}{Product functions}{chapter.2}% 18
\BOOKMARK [2][-]{subsection.2.2.1}{Queue Manager}{section.2.2}% 19
\BOOKMARK [2][-]{subsection.2.2.2}{Data Collection}{section.2.2}% 20
\BOOKMARK [1][-]{section.2.3}{User characteristics}{chapter.2}% 21
\BOOKMARK [1][-]{section.2.4}{Assumptions, dependencies and constraints}{chapter.2}% 22
\BOOKMARK [2][-]{subsection.2.4.1}{Assumptions}{section.2.4}% 23
\BOOKMARK [0][-]{chapter.3}{Specific Requirements}{}% 24
\BOOKMARK [1][-]{section.3.1}{External Interface Requirements}{chapter.3}% 25
\BOOKMARK [2][-]{subsection.3.1.1}{User Interfaces \(CLup\)}{section.3.1}% 26
\BOOKMARK [2][-]{subsection.3.1.2}{Receptionist Interfaces \(CLup Operator\)}{section.3.1}% 27
\BOOKMARK [2][-]{subsection.3.1.3}{Hardware Interfaces}{section.3.1}% 28
\BOOKMARK [2][-]{subsection.3.1.4}{Software Interfaces}{section.3.1}% 29
\BOOKMARK [2][-]{subsection.3.1.5}{Communication Interfaces}{section.3.1}% 30
\BOOKMARK [1][-]{section.3.2}{Functional Requirements}{chapter.3}% 31
\BOOKMARK [1][-]{section.3.3}{Use Case}{chapter.3}% 32
\BOOKMARK [2][-]{subsection.3.3.1}{User}{section.3.3}% 33
\BOOKMARK [2][-]{subsection.3.3.2}{Reception}{section.3.3}% 34
\BOOKMARK [2][-]{subsection.3.3.3}{Sequence Diagrams}{section.3.3}% 35
\BOOKMARK [1][-]{section.3.4}{Performance Requirements}{chapter.3}% 36
\BOOKMARK [1][-]{section.3.5}{Design Constraints}{chapter.3}% 37
\BOOKMARK [2][-]{subsection.3.5.1}{Standards compliance}{section.3.5}% 38
\BOOKMARK [2][-]{subsection.3.5.2}{Users in the market}{section.3.5}% 39
\BOOKMARK [2][-]{subsection.3.5.3}{Hardware limitations}{section.3.5}% 40
\BOOKMARK [2][-]{subsection.3.5.4}{Any other constraint}{section.3.5}% 41
\BOOKMARK [1][-]{section.3.6}{Software System Attributes}{chapter.3}% 42
\BOOKMARK [2][-]{subsection.3.6.1}{Reliability}{section.3.6}% 43
\BOOKMARK [2][-]{subsection.3.6.2}{Availability}{section.3.6}% 44
\BOOKMARK [2][-]{subsection.3.6.3}{Security}{section.3.6}% 45
\BOOKMARK [2][-]{subsection.3.6.4}{Maintainability}{section.3.6}% 46
\BOOKMARK [2][-]{subsection.3.6.5}{Portability}{section.3.6}% 47
\BOOKMARK [0][-]{chapter.4}{Formal Analysis Using Alloy}{}% 48
\BOOKMARK [1][-]{section.4.1}{Alloy Model}{chapter.4}% 49
\BOOKMARK [1][-]{section.4.2}{Alloy Results}{chapter.4}% 50
\BOOKMARK [0][-]{chapter.5}{Effort Spent}{}% 51
\BOOKMARK [0][-]{chapter.6}{References}{}% 52
\BOOKMARK [1][-]{section.6.1}{Software used}{chapter.6}% 53
\BOOKMARK [1][-]{section.6.2}{Bibliography}{chapter.6}% 54
