This is pdfTeX, Version 3.14159265-2.6-1.40.21 (TeX Live 2020) (preloaded format=pdflatex 2020.12.11)  15 DEC 2020 00:16
entering extended mode
 restricted \write18 enabled.
 file:line:error style messages enabled.
 %&-line parsing enabled.
**RASD.tex
(./RASD.tex
LaTeX2e <2020-02-02> patch level 5
L3 programming layer <2020-03-06>
(/usr/local/texlive/2020/texmf-dist/tex/latex/base/report.cls
Document Class: report 2019/12/20 v1.4l Standard LaTeX document class
(/usr/local/texlive/2020/texmf-dist/tex/latex/base/size10.clo
File: size10.clo 2019/12/20 v1.4l Standard LaTeX file (size option)
)
\c@part=\count167
\c@chapter=\count168
\c@section=\count169
\c@subsection=\count170
\c@subsubsection=\count171
\c@paragraph=\count172
\c@subparagraph=\count173
\c@figure=\count174
\c@table=\count175
\abovecaptionskip=\skip47
\belowcaptionskip=\skip48
\bibindent=\dimen134
)
(/usr/local/texlive/2020/texmf-dist/tex/latex/lm/lmodern.sty
Package: lmodern 2009/10/30 v1.6 Latin Modern Fonts
LaTeX Font Info:    Overwriting symbol font `operators' in version `normal'
(Font)                  OT1/cmr/m/n --> OT1/lmr/m/n on input line 22.
LaTeX Font Info:    Overwriting symbol font `letters' in version `normal'
(Font)                  OML/cmm/m/it --> OML/lmm/m/it on input line 23.
LaTeX Font Info:    Overwriting symbol font `symbols' in version `normal'
(Font)                  OMS/cmsy/m/n --> OMS/lmsy/m/n on input line 24.
LaTeX Font Info:    Overwriting symbol font `largesymbols' in version `normal'
(Font)                  OMX/cmex/m/n --> OMX/lmex/m/n on input line 25.
LaTeX Font Info:    Overwriting symbol font `operators' in version `bold'
(Font)                  OT1/cmr/bx/n --> OT1/lmr/bx/n on input line 26.
LaTeX Font Info:    Overwriting symbol font `letters' in version `bold'
(Font)                  OML/cmm/b/it --> OML/lmm/b/it on input line 27.
LaTeX Font Info:    Overwriting symbol font `symbols' in version `bold'
(Font)                  OMS/cmsy/b/n --> OMS/lmsy/b/n on input line 28.
LaTeX Font Info:    Overwriting symbol font `largesymbols' in version `bold'
(Font)                  OMX/cmex/m/n --> OMX/lmex/m/n on input line 29.
LaTeX Font Info:    Overwriting math alphabet `\mathbf' in version `normal'
(Font)                  OT1/cmr/bx/n --> OT1/lmr/bx/n on input line 31.
LaTeX Font Info:    Overwriting math alphabet `\mathsf' in version `normal'
(Font)                  OT1/cmss/m/n --> OT1/lmss/m/n on input line 32.
LaTeX Font Info:    Overwriting math alphabet `\mathit' in version `normal'
(Font)                  OT1/cmr/m/it --> OT1/lmr/m/it on input line 33.
LaTeX Font Info:    Overwriting math alphabet `\mathtt' in version `normal'
(Font)                  OT1/cmtt/m/n --> OT1/lmtt/m/n on input line 34.
LaTeX Font Info:    Overwriting math alphabet `\mathbf' in version `bold'
(Font)                  OT1/cmr/bx/n --> OT1/lmr/bx/n on input line 35.
LaTeX Font Info:    Overwriting math alphabet `\mathsf' in version `bold'
(Font)                  OT1/cmss/bx/n --> OT1/lmss/bx/n on input line 36.
LaTeX Font Info:    Overwriting math alphabet `\mathit' in version `bold'
(Font)                  OT1/cmr/bx/it --> OT1/lmr/bx/it on input line 37.
LaTeX Font Info:    Overwriting math alphabet `\mathtt' in version `bold'
(Font)                  OT1/cmtt/m/n --> OT1/lmtt/m/n on input line 38.
)
(/usr/local/texlive/2020/texmf-dist/tex/generic/babel/babel.sty
Package: babel 2020/03/22 3.42 The Babel package

(/usr/local/texlive/2020/texmf-dist/tex/generic/babel/switch.def
File: switch.def 2020/03/22 3.42 Babel switching mechanism
)
(/usr/local/texlive/2020/texmf-dist/tex/generic/babel-english/english.ldf
Language: english 2017/06/06 v3.3r English support from the babel system

(/usr/local/texlive/2020/texmf-dist/tex/generic/babel/babel.def
File: babel.def 2020/03/22 3.42 Babel common definitions
\babel@savecnt=\count176
\U@D=\dimen135

(/usr/local/texlive/2020/texmf-dist/tex/generic/babel/txtbabel.def)
\bbl@readstream=\read2
\bbl@dirlevel=\count177
)
Package babel Info: \l@canadian = using hyphenrules for english
(babel)             (\language0) on input line 102.
Package babel Info: \l@australian = using hyphenrules for ukenglish
(babel)             (\language21) on input line 105.
Package babel Info: \l@newzealand = using hyphenrules for ukenglish
(babel)             (\language21) on input line 108.
))
(/usr/local/texlive/2020/texmf-dist/tex/latex/blindtext/blindtext.sty
Package: blindtext 2012/01/06 V2.0 blindtext-Package

(/usr/local/texlive/2020/texmf-dist/tex/latex/tools/xspace.sty
Package: xspace 2014/10/28 v1.13 Space after command names (DPC,MH)
)
\c@blindtext=\count178
\c@Blindtext=\count179
\c@blind@countparstart=\count180
\blind@countxx=\count181
\blindtext@numBlindtext=\count182
\blind@countyy=\count183
\c@blindlist=\count184
\c@blindlistlevel=\count185
\c@blindlist@level=\count186
\blind@listitem=\count187
\c@blind@listcount=\count188
\c@blind@levelcount=\count189
\blind@mathformula=\count190
\blind@Mathformula=\count191
\c@blind@randomcount=\count192
\c@blind@randommax=\count193
\c@blind@pangramcount=\count194
\c@blind@pangrammax=\count195
)
(/usr/local/texlive/2020/texmf-dist/tex/latex/microtype/microtype.sty
Package: microtype 2019/11/18 v2.7d Micro-typographical refinements (RS)

(/usr/local/texlive/2020/texmf-dist/tex/latex/graphics/keyval.sty
Package: keyval 2014/10/28 v1.15 key=value parser (DPC)
\KV@toks@=\toks15
)
\MT@toks=\toks16
\MT@count=\count196
LaTeX Info: Redefining \textls on input line 790.
\MT@outer@kern=\dimen136
LaTeX Info: Redefining \textmicrotypecontext on input line 1354.
\MT@listname@count=\count197

(/usr/local/texlive/2020/texmf-dist/tex/latex/microtype/microtype-pdftex.def
File: microtype-pdftex.def 2019/11/18 v2.7d Definitions specific to pdftex (RS)

LaTeX Info: Redefining \lsstyle on input line 914.
LaTeX Info: Redefining \lslig on input line 914.
\MT@outer@space=\skip49
)
Package microtype Info: Loading configuration file microtype.cfg.

(/usr/local/texlive/2020/texmf-dist/tex/latex/microtype/microtype.cfg
File: microtype.cfg 2019/11/18 v2.7d microtype main configuration file (RS)
))
(/usr/local/texlive/2020/texmf-dist/tex/latex/comment/comment.sty
\CommentStream=\write3

Excluding comment 'comment')
(/usr/local/texlive/2020/texmf-dist/tex/latex/subfiles/subfiles.sty
Package: subfiles 2020/02/14 v1.6 Multi-file projects (package)

(/usr/local/texlive/2020/texmf-dist/tex/latex/import/import.sty
Package: import 2020/01/22  v 6.0
))
(/usr/local/texlive/2020/texmf-dist/tex/latex/graphics/graphicx.sty
Package: graphicx 2019/11/30 v1.2a Enhanced LaTeX Graphics (DPC,SPQR)

(/usr/local/texlive/2020/texmf-dist/tex/latex/graphics/graphics.sty
Package: graphics 2019/11/30 v1.4a Standard LaTeX Graphics (DPC,SPQR)

(/usr/local/texlive/2020/texmf-dist/tex/latex/graphics/trig.sty
Package: trig 2016/01/03 v1.10 sin cos tan (DPC)
)
(/usr/local/texlive/2020/texmf-dist/tex/latex/graphics-cfg/graphics.cfg
File: graphics.cfg 2016/06/04 v1.11 sample graphics configuration
)
Package graphics Info: Driver file: pdftex.def on input line 105.

(/usr/local/texlive/2020/texmf-dist/tex/latex/graphics-def/pdftex.def
File: pdftex.def 2018/01/08 v1.0l Graphics/color driver for pdftex
))
\Gin@req@height=\dimen137
\Gin@req@width=\dimen138
)
(/usr/local/texlive/2020/texmf-dist/tex/latex/caption/caption.sty
Package: caption 2020/01/03 v3.4h Customizing captions (AR)

(/usr/local/texlive/2020/texmf-dist/tex/latex/caption/caption3.sty
Package: caption3 2020/01/03 v1.8h caption3 kernel (AR)
Package caption3 Info: TeX engine: e-TeX on input line 61.
\captionmargin=\dimen139
\captionmargin@=\dimen140
\captionwidth=\dimen141
\caption@tempdima=\dimen142
\caption@indent=\dimen143
\caption@parindent=\dimen144
\caption@hangindent=\dimen145
Package caption Info: Standard document class detected.
)
\c@caption@flags=\count198
\c@continuedfloat=\count199
)
(/usr/local/texlive/2020/texmf-dist/tex/latex/tools/longtable.sty
Package: longtable 2020/01/07 v4.13 Multi-page Table package (DPC)
\LTleft=\skip50
\LTright=\skip51
\LTpre=\skip52
\LTpost=\skip53
\LTchunksize=\count266
\LTcapwidth=\dimen146
\LT@head=\box45
\LT@firsthead=\box46
\LT@foot=\box47
\LT@lastfoot=\box48
\LT@cols=\count267
\LT@rows=\count268
\c@LT@tables=\count269
\c@LT@chunks=\count270
\LT@p@ftn=\toks17
)
(/usr/local/texlive/2020/texmf-dist/tex/latex/subfig/subfig.sty
Package: subfig 2005/06/28 ver: 1.3 subfig package
\c@KVtest=\count271
\sf@farskip=\skip54
\sf@captopadj=\dimen147
\sf@capskip=\skip55
\sf@nearskip=\skip56
\c@subfigure=\count272
\c@subfigure@save=\count273
\c@lofdepth=\count274
\c@subtable=\count275
\c@subtable@save=\count276
\c@lotdepth=\count277
\sf@top=\skip57
\sf@bottom=\skip58
)
(/usr/local/texlive/2020/texmf-dist/tex/latex/fancyhdr/fancyhdr.sty
Package: fancyhdr 2019/01/31 v3.10 Extensive control of page headers and footer
s
\f@nch@headwidth=\skip59
\f@nch@O@elh=\skip60
\f@nch@O@erh=\skip61
\f@nch@O@olh=\skip62
\f@nch@O@orh=\skip63
\f@nch@O@elf=\skip64
\f@nch@O@erf=\skip65
\f@nch@O@olf=\skip66
\f@nch@O@orf=\skip67
)
(/usr/local/texlive/2020/texmf-dist/tex/latex/float/float.sty
Package: float 2001/11/08 v1.3d Float enhancements (AL)
\c@float@type=\count278
\float@exts=\toks18
\float@box=\box49
\@float@everytoks=\toks19
\@floatcapt=\box50
)
(/usr/local/texlive/2020/texmf-dist/tex/latex/hyperref/hyperref.sty
Package: hyperref 2020/01/14 v7.00d Hypertext links for LaTeX

(/usr/local/texlive/2020/texmf-dist/tex/generic/ltxcmds/ltxcmds.sty
Package: ltxcmds 2019/12/15 v1.24 LaTeX kernel commands for general use (HO)
)
(/usr/local/texlive/2020/texmf-dist/tex/generic/iftex/iftex.sty
Package: iftex 2020/03/06 v1.0d TeX engine tests
)
(/usr/local/texlive/2020/texmf-dist/tex/latex/pdftexcmds/pdftexcmds.sty
Package: pdftexcmds 2019/11/24 v0.31 Utility functions of pdfTeX for LuaTeX (HO
)

(/usr/local/texlive/2020/texmf-dist/tex/generic/infwarerr/infwarerr.sty
Package: infwarerr 2019/12/03 v1.5 Providing info/warning/error messages (HO)
)
Package pdftexcmds Info: \pdf@primitive is available.
Package pdftexcmds Info: \pdf@ifprimitive is available.
Package pdftexcmds Info: \pdfdraftmode found.
)
(/usr/local/texlive/2020/texmf-dist/tex/generic/kvsetkeys/kvsetkeys.sty
Package: kvsetkeys 2019/12/15 v1.18 Key value parser (HO)
)
(/usr/local/texlive/2020/texmf-dist/tex/generic/kvdefinekeys/kvdefinekeys.sty
Package: kvdefinekeys 2019-12-19 v1.6 Define keys (HO)
)
(/usr/local/texlive/2020/texmf-dist/tex/generic/pdfescape/pdfescape.sty
Package: pdfescape 2019/12/09 v1.15 Implements pdfTeX's escape features (HO)
)
(/usr/local/texlive/2020/texmf-dist/tex/latex/hycolor/hycolor.sty
Package: hycolor 2020-01-27 v1.10 Color options for hyperref/bookmark (HO)
)
(/usr/local/texlive/2020/texmf-dist/tex/latex/letltxmacro/letltxmacro.sty
Package: letltxmacro 2019/12/03 v1.6 Let assignment for LaTeX macros (HO)
)
(/usr/local/texlive/2020/texmf-dist/tex/latex/auxhook/auxhook.sty
Package: auxhook 2019-12-17 v1.6 Hooks for auxiliary files (HO)
)
(/usr/local/texlive/2020/texmf-dist/tex/latex/kvoptions/kvoptions.sty
Package: kvoptions 2019/11/29 v3.13 Key value format for package options (HO)
)
\@linkdim=\dimen148
\Hy@linkcounter=\count279
\Hy@pagecounter=\count280

(/usr/local/texlive/2020/texmf-dist/tex/latex/hyperref/pd1enc.def
File: pd1enc.def 2020/01/14 v7.00d Hyperref: PDFDocEncoding definition (HO)
Now handling font encoding PD1 ...
... no UTF-8 mapping file for font encoding PD1
)
(/usr/local/texlive/2020/texmf-dist/tex/generic/intcalc/intcalc.sty
Package: intcalc 2019/12/15 v1.3 Expandable calculations with integers (HO)
)
(/usr/local/texlive/2020/texmf-dist/tex/generic/etexcmds/etexcmds.sty
Package: etexcmds 2019/12/15 v1.7 Avoid name clashes with e-TeX commands (HO)
)
\Hy@SavedSpaceFactor=\count281
Package hyperref Info: Hyper figures OFF on input line 4547.
Package hyperref Info: Link nesting OFF on input line 4552.
Package hyperref Info: Hyper index ON on input line 4555.
Package hyperref Info: Plain pages OFF on input line 4562.
Package hyperref Info: Backreferencing OFF on input line 4567.
Package hyperref Info: Implicit mode ON; LaTeX internals redefined.
Package hyperref Info: Bookmarks ON on input line 4800.
\c@Hy@tempcnt=\count282

(/usr/local/texlive/2020/texmf-dist/tex/latex/url/url.sty
\Urlmuskip=\muskip16
Package: url 2013/09/16  ver 3.4  Verb mode for urls, etc.
)
LaTeX Info: Redefining \url on input line 5159.
\XeTeXLinkMargin=\dimen149

(/usr/local/texlive/2020/texmf-dist/tex/generic/bitset/bitset.sty
Package: bitset 2019/12/09 v1.3 Handle bit-vector datatype (HO)

(/usr/local/texlive/2020/texmf-dist/tex/generic/bigintcalc/bigintcalc.sty
Package: bigintcalc 2019/12/15 v1.5 Expandable calculations on big integers (HO
)
))
\Fld@menulength=\count283
\Field@Width=\dimen150
\Fld@charsize=\dimen151
Package hyperref Info: Hyper figures OFF on input line 6430.
Package hyperref Info: Link nesting OFF on input line 6435.
Package hyperref Info: Hyper index ON on input line 6438.
Package hyperref Info: backreferencing OFF on input line 6445.
Package hyperref Info: Link coloring OFF on input line 6450.
Package hyperref Info: Link coloring with OCG OFF on input line 6455.
Package hyperref Info: PDF/A mode OFF on input line 6460.
LaTeX Info: Redefining \ref on input line 6500.
LaTeX Info: Redefining \pageref on input line 6504.

(/usr/local/texlive/2020/texmf-dist/tex/generic/atbegshi/atbegshi.sty
Package: atbegshi 2019/12/05 v1.19 At begin shipout hook (HO)
)
\Hy@abspage=\count284
\c@Item=\count285
\c@Hfootnote=\count286
)
Package hyperref Info: Driver (autodetected): hpdftex.

(/usr/local/texlive/2020/texmf-dist/tex/latex/hyperref/hpdftex.def
File: hpdftex.def 2020/01/14 v7.00d Hyperref driver for pdfTeX

(/usr/local/texlive/2020/texmf-dist/tex/latex/atveryend/atveryend.sty
Package: atveryend 2019-12-11 v1.11 Hooks at the very end of document (HO)
Package atveryend Info: \enddocument detected (standard20110627).
)
\Fld@listcount=\count287
\c@bookmark@seq@number=\count288

(/usr/local/texlive/2020/texmf-dist/tex/latex/rerunfilecheck/rerunfilecheck.sty
Package: rerunfilecheck 2019/12/05 v1.9 Rerun checks for auxiliary files (HO)

(/usr/local/texlive/2020/texmf-dist/tex/generic/uniquecounter/uniquecounter.sty
Package: uniquecounter 2019/12/15 v1.4 Provide unlimited unique counter (HO)
)
Package uniquecounter Info: New unique counter `rerunfilecheck' on input line 2
86.
)
\Hy@SectionHShift=\skip68
) (/usr/local/texlive/2020/texmf-dist/tex/latex/parskip/parskip.sty
Package: parskip 2020-01-22 v2.0d non-zero parskip adjustments

(/usr/local/texlive/2020/texmf-dist/tex/latex/etoolbox/etoolbox.sty
Package: etoolbox 2019/09/21 v2.5h e-TeX tools for LaTeX (JAW)
\etb@tempcnta=\count289
))
(/usr/local/texlive/2020/texmf-dist/tex/latex/xcolor/xcolor.sty
Package: xcolor 2016/05/11 v2.12 LaTeX color extensions (UK)

(/usr/local/texlive/2020/texmf-dist/tex/latex/graphics-cfg/color.cfg
File: color.cfg 2016/01/02 v1.6 sample color configuration
)
Package xcolor Info: Driver file: pdftex.def on input line 225.
Package xcolor Info: Model `cmy' substituted by `cmy0' on input line 1348.
Package xcolor Info: Model `hsb' substituted by `rgb' on input line 1352.
Package xcolor Info: Model `RGB' extended on input line 1364.
Package xcolor Info: Model `HTML' substituted by `rgb' on input line 1366.
Package xcolor Info: Model `Hsb' substituted by `hsb' on input line 1367.
Package xcolor Info: Model `tHsb' substituted by `hsb' on input line 1368.
Package xcolor Info: Model `HSB' substituted by `hsb' on input line 1369.
Package xcolor Info: Model `Gray' substituted by `gray' on input line 1370.
Package xcolor Info: Model `wave' substituted by `hsb' on input line 1371.

(/usr/local/texlive/2020/texmf-dist/tex/latex/graphics/dvipsnam.def
File: dvipsnam.def 2016/06/17 v3.0m Driver-dependent file (DPC,SPQR)
))
(/usr/local/texlive/2020/texmf-dist/tex/latex/listings/listings.sty
\lst@mode=\count290
\lst@gtempboxa=\box51
\lst@token=\toks20
\lst@length=\count291
\lst@currlwidth=\dimen152
\lst@column=\count292
\lst@pos=\count293
\lst@lostspace=\dimen153
\lst@width=\dimen154
\lst@newlines=\count294
\lst@lineno=\count295
\lst@maxwidth=\dimen155

(/usr/local/texlive/2020/texmf-dist/tex/latex/listings/lstmisc.sty
File: lstmisc.sty 2020/03/24 1.8d (Carsten Heinz)
\c@lstnumber=\count296
\lst@skipnumbers=\count297
\lst@framebox=\box52
)
(/usr/local/texlive/2020/texmf-dist/tex/latex/listings/listings.cfg
File: listings.cfg 2020/03/24 1.8d listings configuration
))
Package: listings 2020/03/24 1.8d (Carsten Heinz)

(./alloy-style.sty)
(/usr/local/texlive/2020/texmf-dist/tex/latex/l3backend/l3backend-pdfmode.def
File: l3backend-pdfmode.def 2020-03-12 L3 backend support: PDF mode
\l__kernel_color_stack_int=\count298
\l__pdf_internal_box=\box53
)

LaTeX Warning: Unused global option(s):
    [fontsize=11pt,paper=a4,pagesize=auto].

(./RASD.aux

LaTeX Warning: Label `fig:Reservation' multiply defined.


LaTeX Warning: Label `fig:first' multiply defined.


LaTeX Warning: Label `sub@fig:first' multiply defined.


LaTeX Warning: Label `fig:second' multiply defined.


LaTeX Warning: Label `sub@fig:second' multiply defined.


LaTeX Warning: Label `fig:third' multiply defined.


LaTeX Warning: Label `sub@fig:third' multiply defined.


LaTeX Warning: Label `fig:fourth' multiply defined.


LaTeX Warning: Label `sub@fig:fourth' multiply defined.


LaTeX Warning: Label `fig:subfigures' multiply defined.


LaTeX Warning: Label `fig:first' multiply defined.


LaTeX Warning: Label `sub@fig:first' multiply defined.


LaTeX Warning: Label `fig:second' multiply defined.


LaTeX Warning: Label `sub@fig:second' multiply defined.


LaTeX Warning: Label `fig:third' multiply defined.


LaTeX Warning: Label `sub@fig:third' multiply defined.


LaTeX Warning: Label `fig:fourth' multiply defined.


LaTeX Warning: Label `sub@fig:fourth' multiply defined.


LaTeX Warning: Label `fig:subfigures' multiply defined.


LaTeX Warning: Label `fig:f1' multiply defined.


LaTeX Warning: Label `sub@fig:f1' multiply defined.


LaTeX Warning: Label `fig:f2' multiply defined.


LaTeX Warning: Label `sub@fig:f2' multiply defined.


LaTeX Warning: Label `fig:f1' multiply defined.


LaTeX Warning: Label `sub@fig:f1' multiply defined.


LaTeX Warning: Label `fig:f2' multiply defined.


LaTeX Warning: Label `sub@fig:f2' multiply defined.


LaTeX Warning: Label `fig:Login' multiply defined.


LaTeX Warning: Label `fig:Login' multiply defined.


LaTeX Warning: Label `fig:Login' multiply defined.


LaTeX Warning: Label `fig:Login' multiply defined.


LaTeX Warning: Label `fig:Login' multiply defined.


LaTeX Warning: Label `fig:Login' multiply defined.


LaTeX Warning: Label `fig:Login' multiply defined.


LaTeX Warning: Label `fig:UML' multiply defined.

)
\openout1 = `RASD.aux'.

LaTeX Font Info:    Checking defaults for OML/cmm/m/it on input line 20.
LaTeX Font Info:    ... okay on input line 20.
LaTeX Font Info:    Checking defaults for OMS/cmsy/m/n on input line 20.
LaTeX Font Info:    ... okay on input line 20.
LaTeX Font Info:    Checking defaults for OT1/cmr/m/n on input line 20.
LaTeX Font Info:    ... okay on input line 20.
LaTeX Font Info:    Checking defaults for T1/cmr/m/n on input line 20.
LaTeX Font Info:    ... okay on input line 20.
LaTeX Font Info:    Checking defaults for TS1/cmr/m/n on input line 20.
LaTeX Font Info:    ... okay on input line 20.
LaTeX Font Info:    Checking defaults for OMX/cmex/m/n on input line 20.
LaTeX Font Info:    ... okay on input line 20.
LaTeX Font Info:    Checking defaults for U/cmr/m/n on input line 20.
LaTeX Font Info:    ... okay on input line 20.
LaTeX Font Info:    Checking defaults for PD1/pdf/m/n on input line 20.
LaTeX Font Info:    ... okay on input line 20.
LaTeX Font Info:    Trying to load font information for OT1+lmr on input line 2
0.
 (/usr/local/texlive/2020/texmf-dist/tex/latex/lm/ot1lmr.fd
File: ot1lmr.fd 2009/10/30 v1.6 Font defs for Latin Modern
)
LaTeX Info: Redefining \microtypecontext on input line 20.
Package microtype Info: Generating PDF output.
Package microtype Info: Character protrusion enabled (level 2).
Package microtype Info: Using default protrusion set `alltext'.
Package microtype Info: Automatic font expansion enabled (level 2),
(microtype)             stretch: 20, shrink: 20, step: 1, non-selected.
Package microtype Info: Using default expansion set `basictext'.
LaTeX Info: Redefining \showhyphens on input line 20.
Package microtype Info: No adjustment of tracking.
Package microtype Info: No adjustment of interword spacing.
Package microtype Info: No adjustment of character kerning.

(/usr/local/texlive/2020/texmf-dist/tex/latex/microtype/mt-cmr.cfg
File: mt-cmr.cfg 2013/05/19 v2.2 microtype config. file: Computer Modern Roman 
(RS)
)
(/usr/local/texlive/2020/texmf-dist/tex/context/base/mkii/supp-pdf.mkii
[Loading MPS to PDF converter (version 2006.09.02).]
\scratchcounter=\count299
\scratchdimen=\dimen156
\scratchbox=\box54
\nofMPsegments=\count300
\nofMParguments=\count301
\everyMPshowfont=\toks21
\MPscratchCnt=\count302
\MPscratchDim=\dimen157
\MPnumerator=\count303
\makeMPintoPDFobject=\count304
\everyMPtoPDFconversion=\toks22
) (/usr/local/texlive/2020/texmf-dist/tex/latex/epstopdf-pkg/epstopdf-base.sty
Package: epstopdf-base 2020-01-24 v2.11 Base part for package epstopdf
Package epstopdf-base Info: Redefining graphics rule for `.eps' on input line 4
85.

(/usr/local/texlive/2020/texmf-dist/tex/latex/latexconfig/epstopdf-sys.cfg
File: epstopdf-sys.cfg 2010/07/13 v1.3 Configuration of (r)epstopdf for TeX Liv
e
))
Package caption Info: Begin \AtBeginDocument code.
Package caption Info: subfig package v1.3 is loaded.
Package caption Info: float package is loaded.
Package caption Info: hyperref package is loaded.
Package caption Info: listings package is loaded.
Package caption Info: longtable package is loaded.

(/usr/local/texlive/2020/texmf-dist/tex/latex/caption/ltcaption.sty
Package: ltcaption 2018/08/26 v1.4a longtable captions (AR)
)
Package caption Info: End \AtBeginDocument code.
\AtBeginShipoutBox=\box55
Package hyperref Info: Link coloring OFF on input line 20.

(/usr/local/texlive/2020/texmf-dist/tex/latex/hyperref/nameref.sty
Package: nameref 2019/09/16 v2.46 Cross-referencing by name of section

(/usr/local/texlive/2020/texmf-dist/tex/latex/refcount/refcount.sty
Package: refcount 2019/12/15 v3.6 Data extraction from label references (HO)
)
(/usr/local/texlive/2020/texmf-dist/tex/generic/gettitlestring/gettitlestring.s
ty
Package: gettitlestring 2019/12/15 v1.6 Cleanup title references (HO)
)
\c@section@level=\count305
)
LaTeX Info: Redefining \ref on input line 20.
LaTeX Info: Redefining \pageref on input line 20.
LaTeX Info: Redefining \nameref on input line 20.
 (./RASD.out) (./RASD.out)
\@outlinefile=\write4
\openout4 = `RASD.out'.

\c@lstlisting=\count306
<images/polimi.jpg, id=217, 1303.87125pt x 1013.7875pt>
File: images/polimi.jpg Graphic file (type jpg)
<use images/polimi.jpg>
Package pdftex.def Info: images/polimi.jpg  used on input line 24.
(pdftex.def)             Requested size: 260.76962pt x 202.7539pt.
<images/CLup_logo.png, id=218, 259.97125pt x 258.9675pt>
File: images/CLup_logo.png Graphic file (type png)
<use images/CLup_logo.png>
Package pdftex.def Info: images/CLup_logo.png  used on input line 29.
(pdftex.def)             Requested size: 80.0pt x 79.6903pt.
 [1

{/usr/local/texlive/2020/texmf-var/fonts/map/pdftex/updmap/pdftex.map} <./image
s/polimi.jpg> <./images/CLup_logo.png>]
(./RASD.toc
LaTeX Font Info:    Trying to load font information for OML+lmm on input line 3
.
 (/usr/local/texlive/2020/texmf-dist/tex/latex/lm/omllmm.fd
File: omllmm.fd 2009/10/30 v1.6 Font defs for Latin Modern
)
LaTeX Font Info:    Trying to load font information for OMS+lmsy on input line 
3.

(/usr/local/texlive/2020/texmf-dist/tex/latex/lm/omslmsy.fd
File: omslmsy.fd 2009/10/30 v1.6 Font defs for Latin Modern
)
LaTeX Font Info:    Trying to load font information for OMX+lmex on input line 
3.

(/usr/local/texlive/2020/texmf-dist/tex/latex/lm/omxlmex.fd
File: omxlmex.fd 2009/10/30 v1.6 Font defs for Latin Modern
)
LaTeX Font Info:    External font `lmex10' loaded for size
(Font)              <10> on input line 3.
LaTeX Font Info:    External font `lmex10' loaded for size
(Font)              <7> on input line 3.
LaTeX Font Info:    External font `lmex10' loaded for size
(Font)              <5> on input line 3.
pdfTeX warning (ext4): destination with the same identifier (name{page.1}) has 
been already used, duplicate ignored
<to be read again> 
                   \relax 
l.35 ...3}Sequence Diagrams}{53}{subsection.3.3.3}
                                                  % [1

])
\tf@toc=\write5
\openout5 = `RASD.toc'.

 [2]
Chapter 1.
(./chapters/introduction.tex
LaTeX Font Info:    Trying to load font information for TS1+lmr on input line 9
.

(/usr/local/texlive/2020/texmf-dist/tex/latex/lm/ts1lmr.fd
File: ts1lmr.fd 2009/10/30 v1.6 Font defs for Latin Modern
) [3

] [4]
<diagrams/VENN.png, id=301, 934.49126pt x 632.3625pt>
File: diagrams/VENN.png Graphic file (type png)
<use diagrams/VENN.png>
Package pdftex.def Info: diagrams/VENN.png  used on input line 99.
(pdftex.def)             Requested size: 355.11037pt x 240.30025pt.

Overfull \hbox (10.11037pt too wide) in paragraph at lines 99--100
 [][] 
 []

[5] [6 <./diagrams/VENN.png>] [7] [8]) [9]
Chapter 2.
(./chapters/overall_description.tex [10

]
<diagrams/UML_simple.png, id=331, 1211.52625pt x 633.36626pt>
File: diagrams/UML_simple.png Graphic file (type png)
<use diagrams/UML_simple.png>
Package pdftex.def Info: diagrams/UML_simple.png  used on input line 54.
(pdftex.def)             Requested size: 424.04054pt x 221.6815pt.
 [11 <./diagrams/UML_simple.png>]
<diagrams/2-reservation.png, id=339, 563.10374pt x 121.45375pt>
File: diagrams/2-reservation.png Graphic file (type png)
<use diagrams/2-reservation.png>
Package pdftex.def Info: diagrams/2-reservation.png  used on input line 78.
(pdftex.def)             Requested size: 276.00058pt x 68.99768pt.
<diagrams/2-visit.png, id=341, 683.55376pt x 272.01625pt>
File: diagrams/2-visit.png Graphic file (type png)
<use diagrams/2-visit.png>
Package pdftex.def Info: diagrams/2-visit.png  used on input line 95.
(pdftex.def)             Requested size: 276.00334pt x 138.00423pt.

[12 <./diagrams/2-reservation.png> <./diagrams/2-visit.png>] [13]
Overfull \hbox (24.56702pt too wide) in paragraph at lines 146--146
[]\OT1/lmr/bx/n/14.4 Assumptions, de-pen-den-cies and con-straints 
 []

) [14]
Chapter 3.
(./chapters/specific_requirements.tex
<images/mockup/login.png, id=361, 334.24875pt x 678.535pt>
File: images/mockup/login.png Graphic file (type png)
<use images/mockup/login.png>
Package pdftex.def Info: images/mockup/login.png  used on input line 12.
(pdftex.def)             Requested size: 116.9888pt x 237.4908pt.
<images/mockup/select2.png, id=362, 383.4325pt x 768.8725pt>
File: images/mockup/select2.png Graphic file (type png)
<use images/mockup/select2.png>
Package pdftex.def Info: images/mockup/select2.png  used on input line 18.
(pdftex.def)             Requested size: 118.86284pt x 238.348pt.


LaTeX Warning: `h' float specifier changed to `ht'.

[15

] [16 <./images/mockup/login.png> <./images/mockup/select2.png>]
<images/mockup/reg1.png, id=375, 383.93437pt x 764.8575pt>
File: images/mockup/reg1.png Graphic file (type png)
<use images/mockup/reg1.png>
Package pdftex.def Info: images/mockup/reg1.png  used on input line 30.
(pdftex.def)             Requested size: 99.82057pt x 198.85825pt.
<images/mockup/reg2.png, id=376, 380.42125pt x 759.33687pt>
File: images/mockup/reg2.png Graphic file (type png)
<use images/mockup/reg2.png>
Package pdftex.def Info: images/mockup/reg2.png  used on input line 32.
(pdftex.def)             Requested size: 98.90718pt x 197.42293pt.
<images/mockup/home1.png, id=377, 380.42125pt x 765.86125pt>
File: images/mockup/home1.png Graphic file (type png)
<use images/mockup/home1.png>
Package pdftex.def Info: images/mockup/home1.png  used on input line 39.
(pdftex.def)             Requested size: 98.90718pt x 199.11922pt.
<images/mockup/reserve1.png, id=378, 380.42125pt x 765.86125pt>
File: images/mockup/reserve1.png Graphic file (type png)
<use images/mockup/reserve1.png>
Package pdftex.def Info: images/mockup/reserve1.png  used on input line 50.
(pdftex.def)             Requested size: 114.12724pt x 229.76015pt.
<images/mockup/reservation_size.png, id=379, 381.425pt x 768.37062pt>
File: images/mockup/reservation_size.png Graphic file (type png)
<use images/mockup/reservation_size.png>
Package pdftex.def Info: images/mockup/reservation_size.png  used on input line
 54.
(pdftex.def)             Requested size: 114.42838pt x 230.51295pt.
<images/mockup/reserve2.png, id=380, 383.93437pt x 766.36313pt>
File: images/mockup/reserve2.png Graphic file (type png)
<use images/mockup/reserve2.png>
Package pdftex.def Info: images/mockup/reserve2.png  used on input line 58.
(pdftex.def)             Requested size: 115.1812pt x 229.9107pt.
<images/mockup/qrcode_reservation_done.png, id=381, 384.43625pt x 766.865pt>
File: images/mockup/qrcode_reservation_done.png Graphic file (type png)
<use images/mockup/qrcode_reservation_done.png>
Package pdftex.def Info: images/mockup/qrcode_reservation_done.png  used on inp
ut line 62.
(pdftex.def)             Requested size: 115.33176pt x 230.06128pt.
 [17 <./images/mockup/reg1.png> <./images/mockup/reg2.png> <./images/mockup/hom
e1.png>]
<images/mockup/visit00.png, id=394, 380.42125pt x 765.86125pt>
File: images/mockup/visit00.png Graphic file (type png)
<use images/mockup/visit00.png>
Package pdftex.def Info: images/mockup/visit00.png  used on input line 75.
(pdftex.def)             Requested size: 114.12724pt x 229.76015pt.
<images/mockup/visit1.png, id=395, 384.43625pt x 766.36313pt>
File: images/mockup/visit1.png Graphic file (type png)
<use images/mockup/visit1.png>
Package pdftex.def Info: images/mockup/visit1.png  used on input line 79.
(pdftex.def)             Requested size: 115.33176pt x 229.9107pt.
<images/mockup/visit2.png, id=396, 383.4325pt x 765.35938pt>
File: images/mockup/visit2.png Graphic file (type png)
<use images/mockup/visit2.png>
Package pdftex.def Info: images/mockup/visit2.png  used on input line 83.
(pdftex.def)             Requested size: 115.03062pt x 229.60957pt.
<images/mockup/visit_size.png, id=397, 383.93437pt x 767.36688pt>
File: images/mockup/visit_size.png Graphic file (type png)
<use images/mockup/visit_size.png>
Package pdftex.def Info: images/mockup/visit_size.png  used on input line 87.
(pdftex.def)             Requested size: 115.1812pt x 230.21184pt.

[18 <./images/mockup/reserve1.png> <./images/mockup/reservation_size.png> <./im
ages/mockup/reserve2.png> <./images/mockup/qrcode_reservation_done.png>]
<images/mockup/qr2.png, id=412, 385.94188pt x 765.35938pt>
File: images/mockup/qr2.png Graphic file (type png)
<use images/mockup/qr2.png>
Package pdftex.def Info: images/mockup/qr2.png  used on input line 109.
(pdftex.def)             Requested size: 115.78345pt x 229.60957pt.
<images/mockup/qr4.png, id=413, 386.44376pt x 768.8725pt>
File: images/mockup/qr4.png Graphic file (type png)
<use images/mockup/qr4.png>
Package pdftex.def Info: images/mockup/qr4.png  used on input line 113.
(pdftex.def)             Requested size: 115.93402pt x 230.66353pt.
<images/mockup/qr5.png, id=414, 384.43625pt x 765.35938pt>
File: images/mockup/qr5.png Graphic file (type png)
<use images/mockup/qr5.png>
Package pdftex.def Info: images/mockup/qr5.png  used on input line 117.
(pdftex.def)             Requested size: 115.33176pt x 229.60957pt.
<images/mockup/qr_reservation.png, id=415, 381.425pt x 761.84625pt>
File: images/mockup/qr_reservation.png Graphic file (type png)
<use images/mockup/qr_reservation.png>
Package pdftex.def Info: images/mockup/qr_reservation.png  used on input line 1
21.
(pdftex.def)             Requested size: 114.42838pt x 228.55563pt.

[19 <./images/mockup/visit00.png> <./images/mockup/visit1.png> <./images/mockup
/visit2.png> <./images/mockup/visit_size.png>]
Overfull \vbox (4.27307pt too high) has occurred while \output is active []


[20 <./images/mockup/qr2.png> <./images/mockup/qr4.png> <./images/mockup/qr5.pn
g> <./images/mockup/qr_reservation.png>]
<images/mockup/qr1.png, id=442, 384.93813pt x 765.86125pt>
File: images/mockup/qr1.png Graphic file (type png)
<use images/mockup/qr1.png>
Package pdftex.def Info: images/mockup/qr1.png  used on input line 131.
(pdftex.def)             Requested size: 115.48232pt x 229.76015pt.

Underfull \hbox (badness 1496) in paragraph at lines 131--131
[]\OT1/lmr/m/n/8 (+20) (e) |De-lay con-fir-ma-tion of a
 []

<images/mockup/qr7.png, id=443, 380.42125pt x 767.86874pt>
File: images/mockup/qr7.png Graphic file (type png)
<use images/mockup/qr7.png>
Package pdftex.def Info: images/mockup/qr7.png  used on input line 133.
(pdftex.def)             Requested size: 114.12724pt x 230.3624pt.
<images/mockup/notify1.png, id=444, 303.1325pt x 614.295pt>
File: images/mockup/notify1.png Graphic file (type png)
<use images/mockup/notify1.png>
Package pdftex.def Info: images/mockup/notify1.png  used on input line 141.
(pdftex.def)             Requested size: 151.56587pt x 307.14674pt.
<images/mockup/visit_SMS.png, id=445, 305.14pt x 608.2725pt>
File: images/mockup/visit_SMS.png Graphic file (type png)
<use images/mockup/visit_SMS.png>
Package pdftex.def Info: images/mockup/visit_SMS.png  used on input line 143.
(pdftex.def)             Requested size: 152.56961pt x 304.13551pt.
[21 <./images/mockup/qr1.png> <./images/mockup/qr7.png>] [22 <./images/mockup/n
otify1.png> <./images/mockup/visit_SMS.png>]
<images/mockup/LOGIN_REC.png, id=464, 298.11375pt x 219.82124pt>
File: images/mockup/LOGIN_REC.png Graphic file (type png)
<use images/mockup/LOGIN_REC.png>
Package pdftex.def Info: images/mockup/LOGIN_REC.png  used on input line 158.
(pdftex.def)             Requested size: 163.96306pt x 120.90204pt.
<images/mockup/LOGREG.png, id=465, 638.385pt x 646.415pt>
File: images/mockup/LOGREG.png Graphic file (type png)
<use images/mockup/LOGREG.png>
Package pdftex.def Info: images/mockup/LOGREG.png  used on input line 166.
(pdftex.def)             Requested size: 204.28737pt x 206.85703pt.
<images/mockup/Select_User.png, id=466, 715.67375pt x 722.7pt>
File: images/mockup/Select_User.png Graphic file (type png)
<use images/mockup/Select_User.png>
Package pdftex.def Info: images/mockup/Select_User.png  used on input line 174.

(pdftex.def)             Requested size: 229.02028pt x 231.26872pt.
 [23 <./images/mockup/LOGIN_REC.png> <./images/mockup/LOGREG.png>]
<images/mockup/Home_Rec.png, id=475, 718.685pt x 723.20187pt>
File: images/mockup/Home_Rec.png Graphic file (type png)
<use images/mockup/Home_Rec.png>
Package pdftex.def Info: images/mockup/Home_Rec.png  used on input line 182.
(pdftex.def)             Requested size: 229.98389pt x 231.42932pt.
<images/mockup/Size_Rec.png, id=476, 721.19438pt x 725.71124pt>
File: images/mockup/Size_Rec.png Graphic file (type png)
<use images/mockup/Size_Rec.png>
Package pdftex.def Info: images/mockup/Size_Rec.png  used on input line 191.
(pdftex.def)             Requested size: 223.56795pt x 224.96815pt.
 [24 <./images/mockup/Select_User.png> <./images/mockup/Home_Rec.png>]
<images/mockup/info_visit_rec.png, id=487, 719.18687pt x 725.20938pt>
File: images/mockup/info_visit_rec.png Graphic file (type png)
<use images/mockup/info_visit_rec.png>
Package pdftex.def Info: images/mockup/info_visit_rec.png  used on input line 2
00.
(pdftex.def)             Requested size: 222.94562pt x 224.81258pt.
<images/mockup/Done_Rec.png, id=488, 583.68062pt x 590.70688pt>
File: images/mockup/Done_Rec.png Graphic file (type png)
<use images/mockup/Done_Rec.png>
Package pdftex.def Info: images/mockup/Done_Rec.png  used on input line 208.
(pdftex.def)             Requested size: 186.78162pt x 189.03006pt.
 [25 <./images/mockup/Size_Rec.png> <./images/mockup/info_visit_rec.png>] [26 <
./images/mockup/Done_Rec.png>] [27]
Overfull \hbox (5.29037pt too wide) in paragraph at lines 252--253
[]\OT1/lmr/m/n/10 (-20) The Smart User have to be con-nected to In-ter-net thro
ugh Wi-Fi/Cellular
 []

[28]
Overfull \hbox (5.29037pt too wide) in paragraph at lines 275--276
[]\OT1/lmr/m/n/10 (-20) The Smart User have to be con-nected to In-ter-net thro
ugh Wi-Fi/Cellular
 []


Overfull \hbox (5.29037pt too wide) in paragraph at lines 292--293
[]\OT1/lmr/m/n/10 (-20) The Smart User have to be con-nected to In-ter-net thro
ugh Wi-Fi/Cellular
 []

[29] [30]
Overfull \hbox (5.29037pt too wide) in paragraph at lines 344--345
[]\OT1/lmr/m/n/10 (-20) The Smart User have to be con-nected to In-ter-net thro
ugh Wi-Fi/Cellular
 []

[31] [32] [33]
<diagrams/UseCaseUser.png, id=532, 935.495pt x 830.10126pt>
File: diagrams/UseCaseUser.png Graphic file (type png)
<use diagrams/UseCaseUser.png>
Package pdftex.def Info: diagrams/UseCaseUser.png  used on input line 419.
(pdftex.def)             Requested size: 467.74635pt x 415.04962pt.
 [34] [35 <./diagrams/UseCaseUser.png>]
Overfull \hbox (20.43306pt too wide) in paragraph at lines 425--453
[][] 
 []


Overfull \hbox (20.43306pt too wide) in paragraph at lines 456--489
[][] 
 []

[36]
Overfull \hbox (20.43306pt too wide) in paragraph at lines 493--526
[][] 
 []

[37]
Overfull \hbox (20.43306pt too wide) in paragraph at lines 530--561
[][] 
 []

[38] [39]
Overfull \hbox (20.43306pt too wide) in paragraph at lines 565--593
[][] 
 []


Overfull \hbox (20.43306pt too wide) in paragraph at lines 598--626
[][] 
 []

[40]
Overfull \hbox (20.43306pt too wide) in paragraph at lines 630--663
[][] 
 []

[41]
Overfull \hbox (20.43306pt too wide) in paragraph at lines 667--693
[][] 
 []

[42]
Overfull \hbox (20.43306pt too wide) in paragraph at lines 697--724
[][] 
 []


Overfull \hbox (20.43306pt too wide) in paragraph at lines 728--756
[][] 
 []

[43]
Overfull \hbox (20.43306pt too wide) in paragraph at lines 760--779
[][] 
 []

[44]
<diagrams/UseCaseReception.png, id=592, 875.27pt x 623.32875pt>
File: diagrams/UseCaseReception.png Graphic file (type png)
<use diagrams/UseCaseReception.png>
Package pdftex.def Info: diagrams/UseCaseReception.png  used on input line 803.

(pdftex.def)             Requested size: 437.63393pt x 311.6636pt.

Overfull \hbox (92.63393pt too wide) in paragraph at lines 803--804
 [][] 
 []

[45]
Overfull \hbox (20.43306pt too wide) in paragraph at lines 809--838
[][] 
 []

[46 <./diagrams/UseCaseReception.png>]
Overfull \hbox (20.43306pt too wide) in paragraph at lines 842--872
[][] 
 []

[47]
Overfull \hbox (20.43306pt too wide) in paragraph at lines 875--911
[][] 
 []

[48] Excluding 'comment' comment.
Overfull \hbox (20.43306pt too wide) in paragraph at lines 995--1023
[][] 
 []

[49]
Overfull \hbox (20.43306pt too wide) in paragraph at lines 1026--1055
[][] 
 []

[50]
Overfull \hbox (20.43306pt too wide) in paragraph at lines 1058--1086
[][] 
 []

[51] [52]
<diagrams/SD_visit.png, id=634, 453.695pt x 302.12875pt>
File: diagrams/SD_visit.png Graphic file (type png)
<use diagrams/SD_visit.png>
Package pdftex.def Info: diagrams/SD_visit.png  used on input line 1099.
(pdftex.def)             Requested size: 204.16086pt x 135.95668pt.
<diagrams/SD_reservation.png, id=635, 452.69125pt x 271.0125pt>
File: diagrams/SD_reservation.png Graphic file (type png)
<use diagrams/SD_reservation.png>
Package pdftex.def Info: diagrams/SD_reservation.png  used on input line 1109.
(pdftex.def)             Requested size: 203.70917pt x 121.95448pt.
 [53 <./diagrams/SD_visit.png> <./diagrams/SD_reservation.png>]
[54]) [55]
Chapter 4.
(./chapters/formal_analysis_alloy.tex [56

] [57]
Package hyperref Info: bookmark level for unknown lstlisting defaults to 0 on i
nput line 58.
LaTeX Font Info:    Trying to load font information for OT1+lmtt on input line 
58.

(/usr/local/texlive/2020/texmf-dist/tex/latex/lm/ot1lmtt.fd
File: ot1lmtt.fd 2009/10/30 v1.6 Font defs for Latin Modern
)
Package microtype Info: Loading generic protrusion settings for font family
(microtype)             `lmtt' (encoding: OT1).
(microtype)             For optimal results, create family-specific settings.
(microtype)             See the microtype manual for details.
 (./model/alloy.als
LaTeX Font Info:    Font shape `OT1/lmtt/bx/n' in size <7> not available
(Font)              Font shape `OT1/lmtt/b/n' tried instead on input line 1.
[58] [59] [60] [61] [62] [63]) [64]
<report_alloy/marketOpened.png, id=1096, 1382.16376pt x 647.41875pt>
File: report_alloy/marketOpened.png Graphic file (type png)
<use report_alloy/marketOpened.png>
Package pdftex.def Info: report_alloy/marketOpened.png  used on input line 66.
(pdftex.def)             Requested size: 580.50482pt x 271.91402pt.
<report_alloy/marketClosed.png, id=1097, 288.07625pt x 250.9375pt>
File: report_alloy/marketClosed.png Graphic file (type png)
<use report_alloy/market