This is pdfTeX, Version 3.14159265-2.6-1.40.21 (TeX Live 2020) (preloaded format=pdflatex 2020.10.14)  9 DEC 2020 16:30
entering extended mode
 restricted \write18 enabled.
 file:line:error style messages enabled.
 %&-line parsing enabled.
**DD.tex
(./DD.tex
LaTeX2e <2020-02-02> patch level 5
L3 programming layer <2020-03-06>
(/usr/local/texlive/2020/texmf-dist/tex/latex/base/report.cls
Document Class: report 2019/12/20 v1.4l Standard LaTeX document class
(/usr/local/texlive/2020/texmf-dist/tex/latex/base/size10.clo
File: size10.clo 2019/12/20 v1.4l Standard LaTeX file (size option)
)
\c@part=\count167
\c@chapter=\count168
\c@section=\count169
\c@subsection=\count170
\c@subsubsection=\count171
\c@paragraph=\count172
\c@subparagraph=\count173
\c@figure=\count174
\c@table=\count175
\abovecaptionskip=\skip47
\belowcaptionskip=\skip48
\bibindent=\dimen134
)
(/usr/local/texlive/2020/texmf-dist/tex/latex/lm/lmodern.sty
Package: lmodern 2009/10/30 v1.6 Latin Modern Fonts
LaTeX Font Info:    Overwriting symbol font `operators' in version `normal'
(Font)                  OT1/cmr/m/n --> OT1/lmr/m/n on input line 22.
LaTeX Font Info:    Overwriting symbol font `letters' in version `normal'
(Font)                  OML/cmm/m/it --> OML/lmm/m/it on input line 23.
LaTeX Font Info:    Overwriting symbol font `symbols' in version `normal'
(Font)                  OMS/cmsy/m/n --> OMS/lmsy/m/n on input line 24.
LaTeX Font Info:    Overwriting symbol font `largesymbols' in version `normal'
(Font)                  OMX/cmex/m/n --> OMX/lmex/m/n on input line 25.
LaTeX Font Info:    Overwriting symbol font `operators' in version `bold'
(Font)                  OT1/cmr/bx/n --> OT1/lmr/bx/n on input line 26.
LaTeX Font Info:    Overwriting symbol font `letters' in version `bold'
(Font)                  OML/cmm/b/it --> OML/lmm/b/it on input line 27.
LaTeX Font Info:    Overwriting symbol font `symbols' in version `bold'
(Font)                  OMS/cmsy/b/n --> OMS/lmsy/b/n on input line 28.
LaTeX Font Info:    Overwriting symbol font `largesymbols' in version `bold'
(Font)                  OMX/cmex/m/n --> OMX/lmex/m/n on input line 29.
LaTeX Font Info:    Overwriting math alphabet `\mathbf' in version `normal'
(Font)                  OT1/cmr/bx/n --> OT1/lmr/bx/n on input line 31.
LaTeX Font Info:    Overwriting math alphabet `\mathsf' in version `normal'
(Font)                  OT1/cmss/m/n --> OT1/lmss/m/n on input line 32.
LaTeX Font Info:    Overwriting math alphabet `\mathit' in version `normal'
(Font)                  OT1/cmr/m/it --> OT1/lmr/m/it on input line 33.
LaTeX Font Info:    Overwriting math alphabet `\mathtt' in version `normal'
(Font)                  OT1/cmtt/m/n --> OT1/lmtt/m/n on input line 34.
LaTeX Font Info:    Overwriting math alphabet `\mathbf' in version `bold'
(Font)                  OT1/cmr/bx/n --> OT1/lmr/bx/n on input line 35.
LaTeX Font Info:    Overwriting math alphabet `\mathsf' in version `bold'
(Font)                  OT1/cmss/bx/n --> OT1/lmss/bx/n on input line 36.
LaTeX Font Info:    Overwriting math alphabet `\mathit' in version `bold'
(Font)                  OT1/cmr/bx/it --> OT1/lmr/bx/it on input line 37.
LaTeX Font Info:    Overwriting math alphabet `\mathtt' in version `bold'
(Font)                  OT1/cmtt/m/n --> OT1/lmtt/m/n on input line 38.
)
(/usr/local/texlive/2020/texmf-dist/tex/generic/babel/babel.sty
Package: babel 2020/03/22 3.42 The Babel package

(/usr/local/texlive/2020/texmf-dist/tex/generic/babel/switch.def
File: switch.def 2020/03/22 3.42 Babel switching mechanism
)
(/usr/local/texlive/2020/texmf-dist/tex/generic/babel-english/english.ldf
Language: english 2017/06/06 v3.3r English support from the babel system

(/usr/local/texlive/2020/texmf-dist/tex/generic/babel/babel.def
File: babel.def 2020/03/22 3.42 Babel common definitions
\babel@savecnt=\count176
\U@D=\dimen135

(/usr/local/texlive/2020/texmf-dist/tex/generic/babel/txtbabel.def)
\bbl@readstream=\read2
\bbl@dirlevel=\count177
)
Package babel Info: \l@canadian = using hyphenrules for english
(babel)             (\language0) on input line 102.
Package babel Info: \l@australian = using hyphenrules for ukenglish
(babel)             (\language21) on input line 105.
Package babel Info: \l@newzealand = using hyphenrules for ukenglish
(babel)             (\language21) on input line 108.
))
(/usr/local/texlive/2020/texmf-dist/tex/latex/blindtext/blindtext.sty
Package: blindtext 2012/01/06 V2.0 blindtext-Package

(/usr/local/texlive/2020/texmf-dist/tex/latex/tools/xspace.sty
Package: xspace 2014/10/28 v1.13 Space after command names (DPC,MH)
)
\c@blindtext=\count178
\c@Blindtext=\count179
\c@blind@countparstart=\count180
\blind@countxx=\count181
\blindtext@numBlindtext=\count182
\blind@countyy=\count183
\c@blindlist=\count184
\c@blindlistlevel=\count185
\c@blindlist@level=\count186
\blind@listitem=\count187
\c@blind@listcount=\count188
\c@blind@levelcount=\count189
\blind@mathformula=\count190
\blind@Mathformula=\count191
\c@blind@randomcount=\count192
\c@blind@randommax=\count193
\c@blind@pangramcount=\count194
\c@blind@pangrammax=\count195
)
(/usr/local/texlive/2020/texmf-dist/tex/latex/microtype/microtype.sty
Package: microtype 2019/11/18 v2.7d Micro-typographical refinements (RS)

(/usr/local/texlive/2020/texmf-dist/tex/latex/graphics/keyval.sty
Package: keyval 2014/10/28 v1.15 key=value parser (DPC)
\KV@toks@=\toks15
)
\MT@toks=\toks16
\MT@count=\count196
LaTeX Info: Redefining \textls on input line 790.
\MT@outer@kern=\dimen136
LaTeX Info: Redefining \textmicrotypecontext on input line 1354.
\MT@listname@count=\count197

(/usr/local/texlive/2020/texmf-dist/tex/latex/microtype/microtype-pdftex.def
File: microtype-pdftex.def 2019/11/18 v2.7d Definitions specific to pdftex (RS)

LaTeX Info: Redefining \lsstyle on input line 914.
LaTeX Info: Redefining \lslig on input line 914.
\MT@outer@space=\skip49
)
Package microtype Info: Loading configuration file microtype.cfg.

(/usr/local/texlive/2020/texmf-dist/tex/latex/microtype/microtype.cfg
File: microtype.cfg 2019/11/18 v2.7d microtype main configuration file (RS)
))
(/usr/local/texlive/2020/texmf-dist/tex/latex/xcolor/xcolor.sty
Package: xcolor 2016/05/11 v2.12 LaTeX color extensions (UK)

(/usr/local/texlive/2020/texmf-dist/tex/latex/graphics-cfg/color.cfg
File: color.cfg 2016/01/02 v1.6 sample color configuration
)
Package xcolor Info: Driver file: pdftex.def on input line 225.

(/usr/local/texlive/2020/texmf-dist/tex/latex/graphics-def/pdftex.def
File: pdftex.def 2018/01/08 v1.0l Graphics/color driver for pdftex
)
Package xcolor Info: Model `cmy' substituted by `cmy0' on input line 1348.
Package xcolor Info: Model `hsb' substituted by `rgb' on input line 1352.
Package xcolor Info: Model `RGB' extended on input line 1364.
Package xcolor Info: Model `HTML' substituted by `rgb' on input line 1366.
Package xcolor Info: Model `Hsb' substituted by `hsb' on input line 1367.
Package xcolor Info: Model `tHsb' substituted by `hsb' on input line 1368.
Package xcolor Info: Model `HSB' substituted by `hsb' on input line 1369.
Package xcolor Info: Model `Gray' substituted by `gray' on input line 1370.
Package xcolor Info: Model `wave' substituted by `hsb' on input line 1371.
)
(/usr/local/texlive/2020/texmf-dist/tex/latex/comment/comment.sty
\CommentStream=\write3

Excluding comment 'comment')
(/usr/local/texlive/2020/texmf-dist/tex/latex/subfiles/subfiles.sty
Package: subfiles 2020/02/14 v1.6 Multi-file projects (package)

(/usr/local/texlive/2020/texmf-dist/tex/latex/import/import.sty
Package: import 2020/01/22  v 6.0
))
(/usr/local/texlive/2020/texmf-dist/tex/latex/graphics/graphicx.sty
Package: graphicx 2019/11/30 v1.2a Enhanced LaTeX Graphics (DPC,SPQR)

(/usr/local/texlive/2020/texmf-dist/tex/latex/graphics/graphics.sty
Package: graphics 2019/11/30 v1.4a Standard LaTeX Graphics (DPC,SPQR)

(/usr/local/texlive/2020/texmf-dist/tex/latex/graphics/trig.sty
Package: trig 2016/01/03 v1.10 sin cos tan (DPC)
)
(/usr/local/texlive/2020/texmf-dist/tex/latex/graphics-cfg/graphics.cfg
File: graphics.cfg 2016/06/04 v1.11 sample graphics configuration
)
Package graphics Info: Driver file: pdftex.def on input line 105.
)
\Gin@req@height=\dimen137
\Gin@req@width=\dimen138
)
(/usr/local/texlive/2020/texmf-dist/tex/latex/caption/caption.sty
Package: caption 2020/01/03 v3.4h Customizing captions (AR)

(/usr/local/texlive/2020/texmf-dist/tex/latex/caption/caption3.sty
Package: caption3 2020/01/03 v1.8h caption3 kernel (AR)
Package caption3 Info: TeX engine: e-TeX on input line 61.
\captionmargin=\dimen139
\captionmargin@=\dimen140
\captionwidth=\dimen141
\caption@tempdima=\dimen142
\caption@indent=\dimen143
\caption@parindent=\dimen144
\caption@hangindent=\dimen145
Package caption Info: Standard document class detected.
)
\c@caption@flags=\count198
\c@continuedfloat=\count199
)
(/usr/local/texlive/2020/texmf-dist/tex/latex/tools/longtable.sty
Package: longtable 2020/01/07 v4.13 Multi-page Table package (DPC)
\LTleft=\skip50
\LTright=\skip51
\LTpre=\skip52
\LTpost=\skip53
\LTchunksize=\count266
\LTcapwidth=\dimen146
\LT@head=\box45
\LT@firsthead=\box46
\LT@foot=\box47
\LT@lastfoot=\box48
\LT@cols=\count267
\LT@rows=\count268
\c@LT@tables=\count269
\c@LT@chunks=\count270
\LT@p@ftn=\toks17
)
(/usr/local/texlive/2020/texmf-dist/tex/latex/subfig/subfig.sty
Package: subfig 2005/06/28 ver: 1.3 subfig package
\c@KVtest=\count271
\sf@farskip=\skip54
\sf@captopadj=\dimen147
\sf@capskip=\skip55
\sf@nearskip=\skip56
\c@subfigure=\count272
\c@subfigure@save=\count273
\c@lofdepth=\count274
\c@subtable=\count275
\c@subtable@save=\count276
\c@lotdepth=\count277
\sf@top=\skip57
\sf@bottom=\skip58
)
(/usr/local/texlive/2020/texmf-dist/tex/latex/fancyhdr/fancyhdr.sty
Package: fancyhdr 2019/01/31 v3.10 Extensive control of page headers and footer
s
\f@nch@headwidth=\skip59
\f@nch@O@elh=\skip60
\f@nch@O@erh=\skip61
\f@nch@O@olh=\skip62
\f@nch@O@orh=\skip63
\f@nch@O@elf=\skip64
\f@nch@O@erf=\skip65
\f@nch@O@olf=\skip66
\f@nch@O@orf=\skip67
)
(/usr/local/texlive/2020/texmf-dist/tex/latex/float/float.sty
Package: float 2001/11/08 v1.3d Float enhancements (AL)
\c@float@type=\count278
\float@exts=\toks18
\float@box=\box49
\@float@everytoks=\toks19
\@floatcapt=\box50
)
(/usr/local/texlive/2020/texmf-dist/tex/latex/hyperref/hyperref.sty
Package: hyperref 2020/01/14 v7.00d Hypertext links for LaTeX

(/usr/local/texlive/2020/texmf-dist/tex/generic/ltxcmds/ltxcmds.sty
Package: ltxcmds 2019/12/15 v1.24 LaTeX kernel commands for general use (HO)
)
(/usr/local/texlive/2020/texmf-dist/tex/generic/iftex/iftex.sty
Package: iftex 2020/03/06 v1.0d TeX engine tests
)
(/usr/local/texlive/2020/texmf-dist/tex/latex/pdftexcmds/pdftexcmds.sty
Package: pdftexcmds 2019/11/24 v0.31 Utility functions of pdfTeX for LuaTeX (HO
)

(/usr/local/texlive/2020/texmf-dist/tex/generic/infwarerr/infwarerr.sty
Package: infwarerr 2019/12/03 v1.5 Providing info/warning/error messages (HO)
)
Package pdftexcmds Info: \pdf@primitive is available.
Package pdftexcmds Info: \pdf@ifprimitive is available.
Package pdftexcmds Info: \pdfdraftmode found.
)
(/usr/local/texlive/2020/texmf-dist/tex/generic/kvsetkeys/kvsetkeys.sty
Package: kvsetkeys 2019/12/15 v1.18 Key value parser (HO)
)
(/usr/local/texlive/2020/texmf-dist/tex/generic/kvdefinekeys/kvdefinekeys.sty
Package: kvdefinekeys 2019-12-19 v1.6 Define keys (HO)
)
(/usr/local/texlive/2020/texmf-dist/tex/generic/pdfescape/pdfescape.sty
Package: pdfescape 2019/12/09 v1.15 Implements pdfTeX's escape features (HO)
)
(/usr/local/texlive/2020/texmf-dist/tex/latex/hycolor/hycolor.sty
Package: hycolor 2020-01-27 v1.10 Color options for hyperref/bookmark (HO)
)
(/usr/local/texlive/2020/texmf-dist/tex/latex/letltxmacro/letltxmacro.sty
Package: letltxmacro 2019/12/03 v1.6 Let assignment for LaTeX macros (HO)
)
(/usr/local/texlive/2020/texmf-dist/tex/latex/auxhook/auxhook.sty
Package: auxhook 2019-12-17 v1.6 Hooks for auxiliary files (HO)
)
(/usr/local/texlive/2020/texmf-dist/tex/latex/kvoptions/kvoptions.sty
Package: kvoptions 2019/11/29 v3.13 Key value format for package options (HO)
)
\@linkdim=\dimen148
\Hy@linkcounter=\count279
\Hy@pagecounter=\count280

(/usr/local/texlive/2020/texmf-dist/tex/latex/hyperref/pd1enc.def
File: pd1enc.def 2020/01/14 v7.00d Hyperref: PDFDocEncoding definition (HO)
Now handling font encoding PD1 ...
... no UTF-8 mapping file for font encoding PD1
)
(/usr/local/texlive/2020/texmf-dist/tex/generic/intcalc/intcalc.sty
Package: intcalc 2019/12/15 v1.3 Expandable calculations with integers (HO)
)
(/usr/local/texlive/2020/texmf-dist/tex/generic/etexcmds/etexcmds.sty
Package: etexcmds 2019/12/15 v1.7 Avoid name clashes with e-TeX commands (HO)
)
\Hy@SavedSpaceFactor=\count281
Package hyperref Info: Hyper figures OFF on input line 4547.
Package hyperref Info: Link nesting OFF on input line 4552.
Package hyperref Info: Hyper index ON on input line 4555.
Package hyperref Info: Plain pages OFF on input line 4562.
Package hyperref Info: Backreferencing OFF on input line 4567.
Package hyperref Info: Implicit mode ON; LaTeX internals redefined.
Package hyperref Info: Bookmarks ON on input line 4800.
\c@Hy@tempcnt=\count282

(/usr/local/texlive/2020/texmf-dist/tex/latex/url/url.sty
\Urlmuskip=\muskip16
Package: url 2013/09/16  ver 3.4  Verb mode for urls, etc.
)
LaTeX Info: Redefining \url on input line 5159.
\XeTeXLinkMargin=\dimen149

(/usr/local/texlive/2020/texmf-dist/tex/generic/bitset/bitset.sty
Package: bitset 2019/12/09 v1.3 Handle bit-vector datatype (HO)

(/usr/local/texlive/2020/texmf-dist/tex/generic/bigintcalc/bigintcalc.sty
Package: bigintcalc 2019/12/15 v1.5 Expandable calculations on big integers (HO
)
))
\Fld@menulength=\count283
\Field@Width=\dimen150
\Fld@charsize=\dimen151
Package hyperref Info: Hyper figures OFF on input line 6430.
Package hyperref Info: Link nesting OFF on input line 6435.
Package hyperref Info: Hyper index ON on input line 6438.
Package hyperref Info: backreferencing OFF on input line 6445.
Package hyperref Info: Link coloring OFF on input line 6450.
Package hyperref Info: Link coloring with OCG OFF on input line 6455.
Package hyperref Info: PDF/A mode OFF on input line 6460.
LaTeX Info: Redefining \ref on input line 6500.
LaTeX Info: Redefining \pageref on input line 6504.

(/usr/local/texlive/2020/texmf-dist/tex/generic/atbegshi/atbegshi.sty
Package: atbegshi 2019/12/05 v1.19 At begin shipout hook (HO)
)
\Hy@abspage=\count284
\c@Item=\count285
\c@Hfootnote=\count286
)
Package hyperref Info: Driver (autodetected): hpdftex.

(/usr/local/texlive/2020/texmf-dist/tex/latex/hyperref/hpdftex.def
File: hpdftex.def 2020/01/14 v7.00d Hyperref driver for pdfTeX

(/usr/local/texlive/2020/texmf-dist/tex/latex/atveryend/atveryend.sty
Package: atveryend 2019-12-11 v1.11 Hooks at the very end of document (HO)
Package atveryend Info: \enddocument detected (standard20110627).
)
\Fld@listcount=\count287
\c@bookmark@seq@number=\count288

(/usr/local/texlive/2020/texmf-dist/tex/latex/rerunfilecheck/rerunfilecheck.sty
Package: rerunfilecheck 2019/12/05 v1.9 Rerun checks for auxiliary files (HO)

(/usr/local/texlive/2020/texmf-dist/tex/generic/uniquecounter/uniquecounter.sty
Package: uniquecounter 2019/12/15 v1.4 Provide unlimited unique counter (HO)
)
Package uniquecounter Info: New unique counter `rerunfilecheck' on input line 2
86.
)
\Hy@SectionHShift=\skip68
) (/usr/local/texlive/2020/texmf-dist/tex/latex/parskip/parskip.sty
Package: parskip 2020-01-22 v2.0d non-zero parskip adjustments

(/usr/local/texlive/2020/texmf-dist/tex/latex/etoolbox/etoolbox.sty
Package: etoolbox 2019/09/21 v2.5h e-TeX tools for LaTeX (JAW)
\etb@tempcnta=\count289
))
(/usr/local/texlive/2020/texmf-dist/tex/latex/l3backend/l3backend-pdfmode.def
File: l3backend-pdfmode.def 2020-03-12 L3 backend support: PDF mode
\l__kernel_color_stack_int=\count290
\l__pdf_internal_box=\box51
)

LaTeX Warning: Unused global option(s):
    [fontsize=11pt,paper=a4,pagesize=auto].

(./DD.aux)
\openout1 = `DD.aux'.

LaTeX Font Info:    Checking defaults for OML/cmm/m/it on input line 16.
LaTeX Font Info:    ... okay on input line 16.
LaTeX Font Info:    Checking defaults for OMS/cmsy/m/n on input line 16.
LaTeX Font Info:    ... okay on input line 16.
LaTeX Font Info:    Checking defaults for OT1/cmr/m/n on input line 16.
LaTeX Font Info:    ... okay on input line 16.
LaTeX Font Info:    Checking defaults for T1/cmr/m/n on input line 16.
LaTeX Font Info:    ... okay on input line 16.
LaTeX Font Info:    Checking defaults for TS1/cmr/m/n on input line 16.
LaTeX Font Info:    ... okay on input line 16.
LaTeX Font Info:    Checking defaults for OMX/cmex/m/n on input line 16.
LaTeX Font Info:    ... okay on input line 16.
LaTeX Font Info:    Checking defaults for U/cmr/m/n on input line 16.
LaTeX Font Info:    ... okay on input line 16.
LaTeX Font Info:    Checking defaults for PD1/pdf/m/n on input line 16.
LaTeX Font Info:    ... okay on input line 16.
LaTeX Font Info:    Trying to load font information for OT1+lmr on input line 1
6.
 (/usr/local/texlive/2020/texmf-dist/tex/latex/lm/ot1lmr.fd
File: ot1lmr.fd 2009/10/30 v1.6 Font defs for Latin Modern
)
LaTeX Info: Redefining \microtypecontext on input line 16.
Package microtype Info: Generating PDF output.
Package microtype Info: Character protrusion enabled (level 2).
Package microtype Info: Using default protrusion set `alltext'.
Package microtype Info: Automatic font expansion enabled (level 2),
(microtype)             stretch: 20, shrink: 20, step: 1, non-selected.
Package microtype Info: Using default expansion set `basictext'.
LaTeX Info: Redefining \showhyphens on input line 16.
Package microtype Info: No adjustment of tracking.
Package microtype Info: No adjustment of interword spacing.
Package microtype Info: No adjustment of character kerning.

(/usr/local/texlive/2020/texmf-dist/tex/latex/microtype/mt-cmr.cfg
File: mt-cmr.cfg 2013/05/19 v2.2 microtype config. file: Computer Modern Roman 
(RS)
)
(/usr/local/texlive/2020/texmf-dist/tex/context/base/mkii/supp-pdf.mkii
[Loading MPS to PDF converter (version 2006.09.02).]
\scratchcounter=\count291
\scratchdimen=\dimen152
\scratchbox=\box52
\nofMPsegments=\count292
\nofMParguments=\count293
\everyMPshowfont=\toks20
\MPscratchCnt=\count294
\MPscratchDim=\dimen153
\MPnumerator=\count295
\makeMPintoPDFobject=\count296
\everyMPtoPDFconversion=\toks21
) (/usr/local/texlive/2020/texmf-dist/tex/latex/epstopdf-pkg/epstopdf-base.sty
Package: epstopdf-base 2020-01-24 v2.11 Base part for package epstopdf
Package epstopdf-base Info: Redefining graphics rule for `.eps' on input line 4
85.

(/usr/local/texlive/2020/texmf-dist/tex/latex/latexconfig/epstopdf-sys.cfg
File: epstopdf-sys.cfg 2010/07/13 v1.3 Configuration of (r)epstopdf for TeX Liv
e
))
Package caption Info: Begin \AtBeginDocument code.
Package caption Info: subfig package v1.3 is loaded.
Package caption Info: float package is loaded.
Package caption Info: hyperref package is loaded.
Package caption Info: longtable package is loaded.

(/usr/local/texlive/2020/texmf-dist/tex/latex/caption/ltcaption.sty
Package: ltcaption 2018/08/26 v1.4a longtable captions (AR)
)
Package caption Info: End \AtBeginDocument code.
\AtBeginShipoutBox=\box53
Package hyperref Info: Link coloring OFF on input line 16.

(/usr/local/texlive/2020/texmf-dist/tex/latex/hyperref/nameref.sty
Package: nameref 2019/09/16 v2.46 Cross-referencing by name of section

(/usr/local/texlive/2020/texmf-dist/tex/latex/refcount/refcount.sty
Package: refcount 2019/12/15 v3.6 Data extraction from label references (HO)
)
(/usr/local/texlive/2020/texmf-dist/tex/generic/gettitlestring/gettitlestring.s
ty
Package: gettitlestring 2019/12/15 v1.6 Cleanup title references (HO)
)
\c@section@level=\count297
)
LaTeX Info: Redefining \ref on input line 16.
LaTeX Info: Redefining \pageref on input line 16.
LaTeX Info: Redefining \nameref on input line 16.
 (./DD.out) (./DD.out)
\@outlinefile=\write4
\openout4 = `DD.out'.

<images/polimi.jpg, id=144, 1303.87125pt x 1013.7875pt>
File: images/polimi.jpg Graphic file (type jpg)
<use images/polimi.jpg>
Package pdftex.def Info: images/polimi.jpg  used on input line 20.
(pdftex.def)             Requested size: 150.0pt x 116.62178pt.
<images/CLup_logo.png, id=145, 259.97125pt x 258.9675pt>
File: images/CLup_logo.png Graphic file (type png)
<use images/CLup_logo.png>
Package pdftex.def Info: images/CLup_logo.png  used on input line 28.
(pdftex.def)             Requested size: 80.0pt x 79.6903pt.
 [1

{/usr/local/texlive/2020/texmf-var/fonts/map/pdftex/updmap/pdftex.map} <./image
s/polimi.jpg> <./images/CLup_logo.png>] (./DD.toc
LaTeX Font Info:    Trying to load font information for OML+lmm on input line 3
.

(/usr/local/texlive/2020/texmf-dist/tex/latex/lm/omllmm.fd
File: omllmm.fd 2009/10/30 v1.6 Font defs for Latin Modern
)
LaTeX Font Info:    Trying to load font information for OMS+lmsy on input line 
3.

(/usr/local/texlive/2020/texmf-dist/tex/latex/lm/omslmsy.fd
File: omslmsy.fd 2009/10/30 v1.6 Font defs for Latin Modern
)
LaTeX Font Info:    Trying to load font information for OMX+lmex on input line 
3.

(/usr/local/texlive/2020/texmf-dist/tex/latex/lm/omxlmex.fd
File: omxlmex.fd 2009/10/30 v1.6 Font defs for Latin Modern
)
LaTeX Font Info:    External font `lmex10' loaded for size
(Font)              <10> on input line 3.
LaTeX Font Info:    External font `lmex10' loaded for size
(Font)              <7> on input line 3.
LaTeX Font Info:    External font `lmex10' loaded for size
(Font)              <5> on input line 3.
pdfTeX warning (ext4): destination with the same identifier (name{page.1}) has 
been already used, duplicate ignored
<to be read again> 
                   \relax 
l.32 ... Integration and Test Plan}{36}{chapter.5}
                                                  % [1

])
\tf@toc=\write5
\openout5 = `DD.toc'.

 [2]
Chapter 1.
(./chapters/introduction.tex Excluding 'comment' comment. [3

]
LaTeX Font Info:    Trying to load font information for TS1+lmr on input line 3
1.

(/usr/local/texlive/2020/texmf-dist/tex/latex/lm/ts1lmr.fd
File: ts1lmr.fd 2009/10/30 v1.6 Font defs for Latin Modern
) [4]) [5]
Chapter 2.
(./chapters/architectural_design.tex
<diagrams/3_tiers.jpeg, id=215, 1058.95625pt x 1248.665pt>
File: diagrams/3_tiers.jpeg Graphic file (type jpg)
<use diagrams/3_tiers.jpeg>
Package pdftex.def Info: diagrams/3_tiers.jpeg  used on input line 27.
(pdftex.def)             Requested size: 317.68933pt x 374.60239pt.
 [6

]
Underfull \hbox (badness 10000) in paragraph at lines 39--41

 []

[7 <./diagrams/3_tiers.jpeg>]
<diagrams/h_level.png, id=226, 743.77875pt x 733.74126pt>
File: diagrams/h_level.png Graphic file (type png)
<use diagrams/h_level.png>
Package pdftex.def Info: diagrams/h_level.png  used on input line 50.
(pdftex.def)             Requested size: 185.94423pt x 183.43486pt.
 [8 <./diagrams/h_level.png>]
<diagrams/component_diagram.png, id=233, 1397.22pt x 874.26625pt>
File: diagrams/component_diagram.png Graphic file (type png)
<use diagrams/component_diagram.png>
Package pdftex.def Info: diagrams/component_diagram.png  used on input line 86.

(pdftex.def)             Requested size: 530.94913pt x 332.22462pt.


LaTeX Warning: `h' float specifier changed to `ht'.

[9]
<diagrams/deployment.png, id=239, 1109.14375pt x 713.66624pt>
File: diagrams/deployment.png Graphic file (type png)
<use diagrams/deployment.png>
Package pdftex.def Info: diagrams/deployment.png  used on input line 117.
(pdftex.def)             Requested size: 421.479pt x 271.19598pt.
 [10 <./diagrams/component_diagram.png>] [11 <./diagrams/deployment.png>]
[12]
<diagrams/LoginSD.png, id=260, 1010.77625pt x 352.31625pt>
File: diagrams/LoginSD.png Graphic file (type png)
<use diagrams/LoginSD.png>
Package pdftex.def Info: diagrams/LoginSD.png  used on input line 174.
(pdftex.def)             Requested size: 485.16708pt x 169.10988pt.
<diagrams/RegistrationSD.png, id=261, 921.4425pt x 452.69125pt>
File: diagrams/RegistrationSD.png Graphic file (type png)
<use diagrams/RegistrationSD.png>
Package pdftex.def Info: diagrams/RegistrationSD.png  used on input line 183.
(pdftex.def)             Requested size: 414.6453pt x 203.70917pt.
 [13 <./diagrams/LoginSD.png> <./diagrams/RegistrationSD.png>]
<diagrams/ReservationSD.png, id=270, 1116.17pt x 460.72125pt>
File: diagrams/ReservationSD.png Graphic file (type png)
<use diagrams/ReservationSD.png>
Package pdftex.def Info: diagrams/ReservationSD.png  used on input line 196.
(pdftex.def)             Requested size: 580.41174pt x 239.57643pt.
<diagrams/PostponeReservationSD.png, id=271, 1024.82875pt x 261.97874pt>
File: diagrams/PostponeReservationSD.png Graphic file (type png)
<use diagrams/PostponeReservationSD.png>
Package pdftex.def Info: diagrams/PostponeReservationSD.png  used on input line
 205.
(pdftex.def)             Requested size: 491.91222pt x 125.74837pt.
<diagrams/VisitSD.png, id=272, 1098.1025pt x 569.12625pt>
File: diagrams/VisitSD.png Graphic file (type png)
<use diagrams/VisitSD.png>
Package pdftex.def Info: diagrams/VisitSD.png  used on input line 214.
(pdftex.def)             Requested size: 571.01659pt x 295.94736pt.
 [14 <./diagrams/ReservationSD.png> <./diagrams/PostponeReservationSD.png>]
<diagrams/DeleteVisitSD.png, id=281, 964.60374pt x 242.9075pt>
File: diagrams/DeleteVisitSD.png Graphic file (type png)
<use diagrams/DeleteVisitSD.png>
Package pdftex.def Info: diagrams/DeleteVisitSD.png  used on input line 225.
(pdftex.def)             Requested size: 501.59683pt x 126.3126pt.
 [15 <./diagrams/VisitSD.png> <./diagrams/DeleteVisitSD.png>]
<diagrams/EntryExitSD.png, id=290, 1015.795pt x 534.99875pt>
File: diagrams/EntryExitSD.png Graphic file (type png)
<use diagrams/EntryExitSD.png>
Package pdftex.def Info: diagrams/EntryExitSD.png  used on input line 238.
(pdftex.def)             Requested size: 528.21645pt x 278.20094pt.
 [16 <./diagrams/EntryExitSD.png>]
<diagrams/MobileUserSD.png, id=297, 1136.245pt x 630.355pt>
File: diagrams/MobileUserSD.png Graphic file (type png)
<use diagrams/MobileUserSD.png>
Package pdftex.def Info: diagrams/MobileUserSD.png  used on input line 252.
(pdftex.def)             Requested size: 590.8508pt x 327.78648pt.

[17 <./diagrams/MobileUserSD.png>]
<diagrams/NotificationsSD.png, id=304, 960.58875pt x 317.185pt>
File: diagrams/NotificationsSD.png Graphic file (type png)
<use diagrams/NotificationsSD.png>
Package pdftex.def Info: diagrams/NotificationsSD.png  used on input line 265.
(pdftex.def)             Requested size: 499.50902pt x 164.93713pt.
 [18 <./diagrams/NotificationsSD.png>]
[19]
Overfull \hbox (8.22183pt too wide) in paragraph at lines 340--340
[]\OT1/lmr/bx/n/14.4 Selected ar-chi-tec-tural styles and pat-terns 
 []

[20] [21]) [22]
Chapter 3.
(./chapters/user_interface_design.tex
<images/userinterfaces/login_reg.png, id=330, 1025.8325pt x 1138.2525pt>
File: images/userinterfaces/login_reg.png Graphic file (type png)
<use images/userinterfaces/login_reg.png>
Package pdftex.def Info: images/userinterfaces/login_reg.png  used on input lin
e 10.
(pdftex.def)             Requested size: 389.8204pt x 432.54045pt.
 [23

]
<images/userinterfaces/menu.png, id=335, 831.105pt x 1255.69125pt>
File: images/userinterfaces/menu.png Graphic file (type png)
<use images/userinterfaces/menu.png>
Package pdftex.def Info: images/userinterfaces/menu.png  used on input line 21.

(pdftex.def)             Requested size: 373.99379pt x 565.05585pt.
 [24 <./images/userinterfaces/login_reg.png>]
Overfull \vbox (49.05585pt too high) has occurred while \output is active []


[25 <./images/userinterfaces/menu.png>]
<images/userinterfaces/Visit_steps.png, id=349, 961.5925pt x 1142.2675pt>
File: images/userinterfaces/Visit_steps.png Graphic file (type png)
<use images/userinterfaces/Visit_steps.png>
Package pdftex.def Info: images/userinterfaces/Visit_steps.png  used on input l
ine 32.
(pdftex.def)             Requested size: 471.18445pt x 559.71599pt.

Overfull \vbox (31.71599pt too high) has occurred while \output is active []


[26 <./images/userinterfaces/Visit_steps.png>]
<images/userinterfaces/Reservation_steps.png, id=356, 1028.84375pt x 1076.02pt>

File: images/userinterfaces/Reservation_steps.png Graphic file (type png)
<use images/userinterfaces/Reservation_steps.png>
Package pdftex.def Info: images/userinterfaces/Reservation_steps.png  used on i
nput line 41.
(pdftex.def)             Requested size: 504.13785pt x 527.25443pt.
<images/userinterfaces/QRCode_handle2.png, id=357, 915.42pt x 1083.04625pt>
File: images/userinterfaces/QRCode_handle2.png Graphic file (type png)
<use images/userinterfaces/QRCode_handle2.png>
Package pdftex.def Info: images/userinterfaces/QRCode_handle2.png  used on inpu
t line 50.
(pdftex.def)             Requested size: 434.82903pt x 514.45232pt.
 [27 <./images/userinterfaces/Reservation_steps.png>]
Overfull \vbox (22.45232pt too high) has occurred while \output is active []


[28 <./images/userinterfaces/QRCode_handle2.png>]
<images/userinterfaces/QRCode_handle.png, id=370, 976.64874pt x 627.34375pt>
File: images/userinterfaces/QRCode_handle.png Graphic file (type png)
<use images/userinterfaces/QRCode_handle.png>
Package pdftex.def Info: images/userinterfaces/QRCode_handle.png  used on input
 line 59.
(pdftex.def)             Requested size: 488.32318pt x 313.6711pt.
<images/userinterfaces/Receptionist1.png, id=371, 951.555pt x 828.09375pt>
File: images/userinterfaces/Receptionist1.png Graphic file (type png)
<use images/userinterfaces/Receptionist1.png>
Package pdftex.def Info: images/userinterfaces/Receptionist1.png  used on input
 line 70.
(pdftex.def)             Requested size: 494.81145pt x 430.61124pt.
 [29 <./images/userinterfaces/QRCode_handle.png>]
<images/userinterfaces/Receptionist2.png, id=378, 984.67876pt x 854.19125pt>
File: images/userinterfaces/Receptionist2.png Graphic file (type png)
<use images/userinterfaces/Receptionist2.png>
Package pdftex.def Info: images/userinterfaces/Receptionist2.png  used on input
 line 79.
(pdftex.def)             Requested size: 512.0359pt x 444.18202pt.
 [30 <./images/userinterfaces/Receptionist1.png>]) [31 <./images/userinterfaces
/Receptionist2.png>]
Chapter 4.
(./chapters/requirements_traceabiity.tex [32

] [33] [34]) [35]
Chapter 5.
(./chapters/implementation_integration_testplan.tex) [36

]
Chapter 6.
(./chapters/effort_spent.tex
Overfull \hbox (1.95822pt too wide) in paragraph at lines 4--5
[]|\OT1/lmr/bx/n/10 Hours| 
 []


Underfull \vbox (badness 10000) detected at line 18
 []


Overfull \hbox (1.95822pt too wide) in paragraph at lines 22--23
[]|\OT1/lmr/bx/n/10 Hours| 
 []


Underfull \vbox (badness 10000) detected at line 36
 []

) [37

]
Chapter 7.
(./chapters/references.tex
LaTeX Font Info:    Trying to load font information for OT1+lmtt on input line 
4.

(/usr/local/texlive/2020/texmf-dist/tex/latex/lm/ot1lmtt.fd
File: ot1lmtt.fd 2009/10/30 v1.6 Font defs for Latin Modern
)
Package microtype Info: Loading generic protrusion settings for font family
(microtype)             `lmtt' (encoding: OT1).
(microtype)             For optimal results, create family-specific settings.
(microtype)             See the microtype manual for details.

Excluding 'comment' comment.)
Package atveryend Info: Empty hook `BeforeClearDocument' on input line 79.
 [38

]
Package atveryend Info: Empty hook `AfterLastShipout' on input line 79.
 (./DD.aux)
Package atveryend Info: Executing hook `AtVeryEndDocument' on input line 79.
Package atveryend Info: Executing hook `AtEndAfterFileList' on input line 79.
Package rerunfilecheck Info: File `DD.out' has not changed.
(rerunfilecheck)             Checksum: 610C8BBD46827B0CA61745418EBF07FE;2340.
Package atveryend Info: Empty hook `AtVeryVeryEnd' on input line 79.
 ) 
Here is how much of TeX's memory you used:
 10490 strings out of 480608
 168010 string characters out of 5903629
 493359 words of memory out of 5000000
 25914 multiletter control sequences out of 15000+600000
 591784 words of font info for 110 fonts, out of 8000000 for 9000
 1141 hyphenation exceptions out of 8191
 41i,9n,51p,905b,493s stack positions out of 5000i,500n,10000p,200000b,80000s
{/usr/local/texlive/2020/texmf-dist/fonts/enc/dvips/lm/lm-rmtt.enc}{/usr/loca
l/texlive/2020/texmf-dist/fonts/enc/dvips/lm/lm-rm.enc}{/usr/local/texlive/2020
/texmf-dist/fonts/enc/dvips/lm/lm-mathit.enc}{/usr/local/texlive/2020/texmf-dis
t/fonts/enc/dvips/lm/lm-ts1.enc}{/usr/local/texlive/2020/texmf-dist/fonts/enc/d
vips/lm/lm-rmsc.enc}</usr/local/texlive/2020/texmf-dist/fonts/type1/public/lm/l
mbx10.pfb></usr/local/texlive/2020/texmf-dist/fonts/type1/public/lm/lmbx12.pfb>
</usr/local/texlive/2020/texmf-dist/fonts/type1/public/lm/lmbx7.pfb></usr/local
/texlive/2020/texmf-dist/fonts/type1/public/lm/lmcsc10.pfb></usr/local/texlive/
2020/texmf-dist/fonts/type1/public/lm/lmmi10.pfb></usr/local/texlive/2020/texmf
-dist/fonts/type1/public/lm/lmr10.pfb></usr/local/texlive/2020/texmf-dist/fonts
/type1/public/lm/lmr12.pfb></usr/local/texlive/2020/texmf-dist/fonts/type1/publ
ic/lm/lmri10.pfb></usr/local/texlive/2020/texmf-dist/fonts/type1/public/lm/lmtt
10.pfb>
Output written on DD.pdf (39 pages, 3242819 bytes).
PDF statistics:
 503 PDF objects out of 1000 (max. 8388607)
 404 compressed objects within 5 object streams
 101 named destinations out of 1000 (max. 500000)
 16268 words of extra memory for PDF output out of 17280 (max. 10000000)

