\BOOKMARK [0][-]{chapter.1}{Introduction}{}% 1
\BOOKMARK [1][-]{section.1.1}{Purpose}{chapter.1}% 2
\BOOKMARK [1][-]{section.1.2}{Scope}{chapter.1}% 3
\BOOKMARK [1][-]{section.1.3}{Definitions, Acronyms, Abbreviations}{chapter.1}% 4
\BOOKMARK [2][-]{subsection.1.3.1}{Definitions}{section.1.3}% 5
\BOOKMARK [2][-]{subsection.1.3.2}{Acronyms}{section.1.3}% 6
\BOOKMARK [2][-]{subsection.1.3.3}{Abbreviations}{section.1.3}% 7
\BOOKMARK [1][-]{section.1.4}{Revision history}{chapter.1}% 8
\BOOKMARK [1][-]{section.1.5}{Reference Documents}{chapter.1}% 9
\BOOKMARK [1][-]{section.1.6}{Document Structure}{chapter.1}% 10
\BOOKMARK [0][-]{chapter.2}{Architectural Design}{}% 11
\BOOKMARK [1][-]{section.2.1}{Overview: High-level components and their interaction}{chapter.2}% 12
\BOOKMARK [1][-]{section.2.2}{Component view}{chapter.2}% 13
\BOOKMARK [2][-]{subsection.2.2.1}{Application layer}{section.2.2}% 14
\BOOKMARK [2][-]{subsection.2.2.2}{Client's layers: CLup and CLup Operator}{section.2.2}% 15
\BOOKMARK [2][-]{subsection.2.2.3}{Data Layer}{section.2.2}% 16
\BOOKMARK [1][-]{section.2.3}{Deployment view}{chapter.2}% 17
\BOOKMARK [1][-]{section.2.4}{Runtime view}{chapter.2}% 18
\BOOKMARK [1][-]{section.2.5}{Component interfaces}{chapter.2}% 19
\BOOKMARK [1][-]{section.2.6}{Selected architectural styles and patterns}{chapter.2}% 20
\BOOKMARK [1][-]{section.2.7}{Other design decisions}{chapter.2}% 21
\BOOKMARK [0][-]{chapter.3}{User Interface Design}{}% 22
\BOOKMARK [1][-]{section.3.1}{Mobile Interface: CLup}{chapter.3}% 23
\BOOKMARK [1][-]{section.3.2}{Desktop Interface: CLup Operator}{chapter.3}% 24
\BOOKMARK [0][-]{chapter.4}{Requirements Tracebility}{}% 25
\BOOKMARK [0][-]{chapter.5}{Implementation, Integration and Test Plan}{}% 26
\BOOKMARK [0][-]{chapter.6}{Effort Spent}{}% 27
\BOOKMARK [0][-]{chapter.7}{References}{}% 28
